Log file open, 04/06/20 17:01:53
LogWindows: Failed to load 'aqProf.dll' (GetLastError=126)
LogWindows: File 'aqProf.dll' does not exist
LogWindows: Failed to load 'VtuneApi.dll' (GetLastError=126)
LogWindows: File 'VtuneApi.dll' does not exist
LogWindows: Failed to load 'VtuneApi32e.dll' (GetLastError=126)
LogWindows: File 'VtuneApi32e.dll' does not exist
LogConsoleResponse: Display: Failed to find resolution value strings in scalability ini. Falling back to default.
LogInit: Display: Running engine for game: a124_AI_With_BP
LogPlatformFile: Not using cached read wrapper
LogTaskGraph: Started task graph with 5 named threads and 35 total threads with 3 sets of task threads.
LogStats: Stats thread started at 0.086212
LogD3D11RHI: Loaded GFSDK_Aftermath_Lib.x64.dll
LogICUInternationalization: ICU TimeZone Detection - Raw Offset: -5:00, Platform Override: ''
LogPluginManager: Mounting plugin Paper2D
LogPluginManager: Mounting plugin AISupport
LogPluginManager: Mounting plugin LightPropagationVolume
LogPluginManager: Mounting plugin ActorLayerUtilities
LogPluginManager: Mounting plugin AnimationSharing
LogPluginManager: Mounting plugin CLionSourceCodeAccess
LogPluginManager: Mounting plugin CodeLiteSourceCodeAccess
LogPluginManager: Mounting plugin GitSourceControl
LogPluginManager: Mounting plugin KDevelopSourceCodeAccess
LogPluginManager: Mounting plugin NullSourceCodeAccess
LogPluginManager: Mounting plugin PerforceSourceControl
LogPluginManager: Mounting plugin SubversionSourceControl
LogPluginManager: Mounting plugin UObjectPlugin
LogPluginManager: Mounting plugin VisualStudioCodeSourceCodeAccess
LogPluginManager: Mounting plugin VisualStudioSourceCodeAccess
LogPluginManager: Mounting plugin XCodeSourceCodeAccess
LogPluginManager: Mounting plugin AssetManagerEditor
LogPluginManager: Mounting plugin CryptoKeys
LogPluginManager: Mounting plugin CurveEditorTools
LogPluginManager: Mounting plugin DataValidation
LogPluginManager: Mounting plugin FacialAnimation
LogPluginManager: Mounting plugin GameplayTagsEditor
LogPluginManager: Mounting plugin MacGraphicsSwitching
LogPluginManager: Mounting plugin MaterialAnalyzer
LogPluginManager: Mounting plugin MobileLauncherProfileWizard
LogPluginManager: Mounting plugin PluginBrowser
LogPluginManager: Mounting plugin SpeedTreeImporter
LogPluginManager: Mounting plugin DatasmithContent
LogPluginManager: Mounting plugin VariantManagerContent
LogPluginManager: Mounting plugin AlembicImporter
LogPluginManager: Mounting plugin AutomationUtils
LogPluginManager: Mounting plugin BackChannel
LogPluginManager: Mounting plugin CharacterAI
LogPluginManager: Mounting plugin GeometryCache
LogPluginManager: Mounting plugin HTML5Networking
LogPluginManager: Mounting plugin PlatformCrypto
LogPluginManager: Mounting plugin ProxyLODPlugin
LogPluginManager: Mounting plugin SkeletalReduction
LogPluginManager: Mounting plugin MagicLeap
LogPluginManager: Mounting plugin MagicLeapMedia
LogPluginManager: Mounting plugin AndroidMedia
LogPluginManager: Mounting plugin AvfMedia
LogPluginManager: Mounting plugin ImgMedia
LogPluginManager: Mounting plugin MediaCompositing
LogPluginManager: Mounting plugin MediaPlayerEditor
LogPluginManager: Mounting plugin WebMMedia
LogPluginManager: Mounting plugin WmfMedia
LogPluginManager: Mounting plugin TcpMessaging
LogPluginManager: Mounting plugin UdpMessaging
LogPluginManager: Mounting plugin ActorSequence
LogPluginManager: Mounting plugin LevelSequenceEditor
LogPluginManager: Mounting plugin MatineeToLevelSequence
LogPluginManager: Mounting plugin NetcodeUnitTest
LogPluginManager: Mounting plugin NUTUnrealEngine4
LogPluginManager: Mounting plugin OnlineSubsystemGooglePlay
LogPluginManager: Mounting plugin OnlineSubsystemIOS
LogPluginManager: Mounting plugin OnlineSubsystem
LogPluginManager: Mounting plugin OnlineSubsystemNull
LogPluginManager: Mounting plugin OnlineSubsystemUtils
LogPluginManager: Mounting plugin LauncherChunkInstaller
LogPluginManager: Mounting plugin AndroidDeviceProfileSelector
LogPluginManager: Mounting plugin AndroidMoviePlayer
LogPluginManager: Mounting plugin AndroidPermission
LogPluginManager: Mounting plugin AppleImageUtils
LogPluginManager: Mounting plugin AppleMoviePlayer
LogPluginManager: Mounting plugin ArchVisCharacter
LogPluginManager: Mounting plugin AudioCapture
LogPluginManager: Mounting plugin CableComponent
LogPluginManager: Mounting plugin CustomMeshComponent
LogPluginManager: Mounting plugin EditableMesh
LogPluginManager: Mounting plugin ExampleDeviceProfileSelector
LogPluginManager: Mounting plugin GoogleCloudMessaging
LogPluginManager: Mounting plugin IOSDeviceProfileSelector
LogPluginManager: Mounting plugin LinuxDeviceProfileSelector
LogPluginManager: Mounting plugin LocationServicesBPLibrary
LogPluginManager: Mounting plugin MobilePatchingUtils
LogPluginManager: Mounting plugin OculusVR
LogPluginManager: Mounting plugin PhysXVehicles
LogPluginManager: Mounting plugin ProceduralMeshComponent
LogPluginManager: Mounting plugin RuntimePhysXCooking
LogPluginManager: Mounting plugin SignificanceManager
LogPluginManager: Mounting plugin SteamVR
LogPluginManager: Mounting plugin WebMMoviePlayer
LogPluginManager: Mounting plugin WindowsMoviePlayer
LogPluginManager: Mounting plugin ScreenshotTools
LogInit: Using libcurl 7.55.1-DEV
LogInit:  - built for x86_64-pc-win32
LogInit:  - supports SSL with OpenSSL/1.1.1
LogInit:  - supports HTTP deflate (compression) using libz 1.2.8
LogInit:  - other features:
LogInit:      CURL_VERSION_SSL
LogInit:      CURL_VERSION_LIBZ
LogInit:      CURL_VERSION_IPV6
LogInit:      CURL_VERSION_ASYNCHDNS
LogInit:      CURL_VERSION_LARGEFILE
LogInit:      CURL_VERSION_IDN
LogInit:  CurlRequestOptions (configurable via config and command line):
LogInit:  - bVerifyPeer = true  - Libcurl will verify peer certificate
LogInit:  - bUseHttpProxy = false  - Libcurl will NOT use HTTP proxy
LogInit:  - bDontReuseConnections = false  - Libcurl will reuse connections
LogInit:  - MaxHostConnections = 16  - Libcurl will limit the number of connections to a host
LogInit:  - LocalHostAddr = Default
LogInit:  - BufferSize = 65536
LogOnline: OSS: Creating online subsystem instance for: NULL
LogInit: WinSock: version 1.1 (2.2), MaxSocks=32767, MaxUdp=65467
LogInit: Build: ++UE4+Release-4.23-CL-9631420
LogInit: Engine Version: 4.23.1-9631420+++UE4+Release-4.23
LogInit: Compatible Engine Version: 4.23.0-8386587+++UE4+Release-4.23
LogInit: Net CL: 8386587
LogInit: OS: Windows 10 (Release 1903) (), CPU: AMD Ryzen 5 1600 Six-Core Processor            , GPU: NVIDIA GeForce GTX 1070
LogInit: Compiled (64-bit): Oct 18 2019 02:07:44
LogInit: Compiled with Visual C++: 19.16.27030.01
LogInit: Build Configuration: Development
LogInit: Branch Name: ++UE4+Release-4.23
LogInit: Command Line: 
LogInit: Base Directory: C:/Program Files/Epic Games/UE_4.23/Engine/Binaries/Win64/
LogInit: Installed Engine Build: 1
LogDevObjectVersion: Number of dev versions registered: 23
LogDevObjectVersion:   Dev-Blueprints (B0D832E4-1F89-4F0D-ACCF-7EB736FD4AA2): 10
LogDevObjectVersion:   Dev-Build (E1C64328-A22C-4D53-A36C-8E866417BD8C): 0
LogDevObjectVersion:   Dev-Core (375EC13C-06E4-48FB-B500-84F0262A717E): 3
LogDevObjectVersion:   Dev-Editor (E4B068ED-F494-42E9-A231-DA0B2E46BB41): 34
LogDevObjectVersion:   Dev-Framework (CFFC743F-43B0-4480-9391-14DF171D2073): 35
LogDevObjectVersion:   Dev-Mobile (B02B49B5-BB20-44E9-A304-32B752E40360): 2
LogDevObjectVersion:   Dev-Networking (A4E4105C-59A1-49B5-A7C5-40C4547EDFEE): 0
LogDevObjectVersion:   Dev-Online (39C831C9-5AE6-47DC-9A44-9C173E1C8E7C): 0
LogDevObjectVersion:   Dev-Physics (78F01B33-EBEA-4F98-B9B4-84EACCB95AA2): 0
LogDevObjectVersion:   Dev-Platform (6631380F-2D4D-43E0-8009-CF276956A95A): 0
LogDevObjectVersion:   Dev-Rendering (12F88B9F-8875-4AFC-A67C-D90C383ABD29): 31
LogDevObjectVersion:   Dev-Sequencer (7B5AE74C-D270-4C10-A958-57980B212A5A): 11
LogDevObjectVersion:   Dev-VR (D7296918-1DD6-4BDD-9DE2-64A83CC13884): 2
LogDevObjectVersion:   Dev-LoadTimes (C2A15278-BFE7-4AFE-6C17-90FF531DF755): 1
LogDevObjectVersion:   Private-Geometry (6EACA3D4-40EC-4CC1-B786-8BED09428FC5): 3
LogDevObjectVersion:   Dev-AnimPhys (29E575DD-E0A3-4627-9D10-D276232CDCEA): 17
LogDevObjectVersion:   Dev-Anim (AF43A65D-7FD3-4947-9873-3E8ED9C1BB05): 2
LogDevObjectVersion:   Dev-ReflectionCapture (6B266CEC-1EC7-4B8F-A30B-E4D90942FC07): 1
LogDevObjectVersion:   Dev-Automation (0DF73D61-A23F-47EA-B727-89E90C41499A): 1
LogDevObjectVersion:   FortniteMain (601D1886-AC64-4F84-AA16-D3DE0DEAC7D6): 27
LogDevObjectVersion:   Dev-Enterprise (9DFFBCD6-494F-0158-E221-12823C92A888): 6
LogDevObjectVersion:   Dev-Niagara (F2AED0AC-9AFE-416F-8664-AA7FFA26D6FC): 1
LogDevObjectVersion:   Dev-Destruction (174F1F0B-B4C6-45A5-B13F-2EE8D0FB917D): 9
LogInit: Presizing for max 16777216 objects, including 0 objects not considered by GC, pre-allocating 0 bytes for permanent pool.
LogInit: Object subsystem initialized
LogConfig: Setting CVar [[con.DebugEarlyDefault:1]]
LogConfig: Setting CVar [[r.setres:1280x720]]
[2020.04.06-21.01.54:179][  0]LogConfig: Setting CVar [[r.VSync:0]]
[2020.04.06-21.01.54:179][  0]LogConfig: Setting CVar [[r.RHICmdBypass:0]]
[2020.04.06-21.01.54:180][  0]LogConfig: Applying CVar settings from Section [/Script/Engine.RendererSettings] File [C:/Users/slaye/Documents/Unreal Projects/Introduction to AI with Blueprint/124_AI_With_BP 4.23/Saved/Config/Windows/Engine.ini]
[2020.04.06-21.01.54:180][  0]LogConfig: Setting CVar [[r.GPUCrashDebugging:0]]
[2020.04.06-21.01.54:180][  0]LogConfig: Setting CVar [[r.DefaultFeature.AntiAliasing:0]]
[2020.04.06-21.01.54:180][  0]LogConfig: Applying CVar settings from Section [/Script/Engine.RendererOverrideSettings] File [C:/Users/slaye/Documents/Unreal Projects/Introduction to AI with Blueprint/124_AI_With_BP 4.23/Saved/Config/Windows/Engine.ini]
[2020.04.06-21.01.54:180][  0]LogConfig: Applying CVar settings from Section [/Script/Engine.StreamingSettings] File [C:/Users/slaye/Documents/Unreal Projects/Introduction to AI with Blueprint/124_AI_With_BP 4.23/Saved/Config/Windows/Engine.ini]
[2020.04.06-21.01.54:180][  0]LogConfig: Setting CVar [[s.MinBulkDataSizeForAsyncLoading:131072]]
[2020.04.06-21.01.54:180][  0]LogConfig: Setting CVar [[s.AsyncLoadingThreadEnabled:0]]
[2020.04.06-21.01.54:180][  0]LogConfig: Setting CVar [[s.EventDrivenLoaderEnabled:1]]
[2020.04.06-21.01.54:180][  0]LogConfig: Setting CVar [[s.WarnIfTimeLimitExceeded:0]]
[2020.04.06-21.01.54:180][  0]LogConfig: Setting CVar [[s.TimeLimitExceededMultiplier:1.5]]
[2020.04.06-21.01.54:180][  0]LogConfig: Setting CVar [[s.TimeLimitExceededMinTime:0.005]]
[2020.04.06-21.01.54:180][  0]LogConfig: Setting CVar [[s.UseBackgroundLevelStreaming:1]]
[2020.04.06-21.01.54:180][  0]LogConfig: Setting CVar [[s.PriorityAsyncLoadingExtraTime:15.0]]
[2020.04.06-21.01.54:180][  0]LogConfig: Setting CVar [[s.LevelStreamingActorsUpdateTimeLimit:5.0]]
[2020.04.06-21.01.54:180][  0]LogConfig: Setting CVar [[s.PriorityLevelStreamingActorsUpdateExtraTime:5.0]]
[2020.04.06-21.01.54:180][  0]LogConfig: Setting CVar [[s.LevelStreamingComponentsRegistrationGranularity:10]]
[2020.04.06-21.01.54:180][  0]LogConfig: Setting CVar [[s.UnregisterComponentsTimeLimit:1.0]]
[2020.04.06-21.01.54:180][  0]LogConfig: Setting CVar [[s.LevelStreamingComponentsUnregistrationGranularity:5]]
[2020.04.06-21.01.54:180][  0]LogConfig: Applying CVar settings from Section [/Script/Engine.GarbageCollectionSettings] File [C:/Users/slaye/Documents/Unreal Projects/Introduction to AI with Blueprint/124_AI_With_BP 4.23/Saved/Config/Windows/Engine.ini]
[2020.04.06-21.01.54:180][  0]LogConfig: Setting CVar [[gc.MaxObjectsNotConsideredByGC:1]]
[2020.04.06-21.01.54:180][  0]LogConfig: Setting CVar [[gc.SizeOfPermanentObjectPool:0]]
[2020.04.06-21.01.54:180][  0]LogConfig: Setting CVar [[gc.FlushStreamingOnGC:0]]
[2020.04.06-21.01.54:180][  0]LogConfig: Setting CVar [[gc.NumRetriesBeforeForcingGC:10]]
[2020.04.06-21.01.54:180][  0]LogConfig: Setting CVar [[gc.AllowParallelGC:1]]
[2020.04.06-21.01.54:180][  0]LogConfig: Setting CVar [[gc.TimeBetweenPurgingPendingKillObjects:61.1]]
[2020.04.06-21.01.54:180][  0]LogConfig: Setting CVar [[gc.MaxObjectsInEditor:16777216]]
[2020.04.06-21.01.54:180][  0]LogConfig: Setting CVar [[gc.IncrementalBeginDestroyEnabled:1]]
[2020.04.06-21.01.54:180][  0]LogConfig: Setting CVar [[gc.CreateGCClusters:1]]
[2020.04.06-21.01.54:180][  0]LogConfig: Setting CVar [[gc.MinGCClusterSize:5]]
[2020.04.06-21.01.54:180][  0]LogConfig: Setting CVar [[gc.ActorClusteringEnabled:0]]
[2020.04.06-21.01.54:180][  0]LogConfig: Setting CVar [[gc.BlueprintClusteringEnabled:0]]
[2020.04.06-21.01.54:180][  0]LogConfig: Setting CVar [[gc.UseDisregardForGCOnDedicatedServers:0]]
[2020.04.06-21.01.54:180][  0]LogConfig: Applying CVar settings from Section [/Script/Engine.NetworkSettings] File [C:/Users/slaye/Documents/Unreal Projects/Introduction to AI with Blueprint/124_AI_With_BP 4.23/Saved/Config/Windows/Engine.ini]
[2020.04.06-21.01.54:180][  0]LogConfig: Applying CVar settings from Section [/Script/UnrealEd.CookerSettings] File [C:/Users/slaye/Documents/Unreal Projects/Introduction to AI with Blueprint/124_AI_With_BP 4.23/Saved/Config/Windows/Engine.ini]
[2020.04.06-21.01.54:185][  0]LogConfig: Applying CVar settings from Section [ViewDistanceQuality@3] File [C:/Users/slaye/Documents/Unreal Projects/Introduction to AI with Blueprint/124_AI_With_BP 4.23/Saved/Config/Windows/Scalability.ini]
[2020.04.06-21.01.54:185][  0]LogConfig: Setting CVar [[r.SkeletalMeshLODBias:0]]
[2020.04.06-21.01.54:186][  0]LogConfig: Setting CVar [[r.ViewDistanceScale:1.0]]
[2020.04.06-21.01.54:186][  0]LogConfig: Applying CVar settings from Section [AntiAliasingQuality@3] File [C:/Users/slaye/Documents/Unreal Projects/Introduction to AI with Blueprint/124_AI_With_BP 4.23/Saved/Config/Windows/Scalability.ini]
[2020.04.06-21.01.54:186][  0]LogConfig: Setting CVar [[r.PostProcessAAQuality:4]]
[2020.04.06-21.01.54:186][  0]LogConfig: Applying CVar settings from Section [ShadowQuality@3] File [C:/Users/slaye/Documents/Unreal Projects/Introduction to AI with Blueprint/124_AI_With_BP 4.23/Saved/Config/Windows/Scalability.ini]
[2020.04.06-21.01.54:186][  0]LogConfig: Setting CVar [[r.LightFunctionQuality:1]]
[2020.04.06-21.01.54:186][  0]LogConfig: Setting CVar [[r.ShadowQuality:5]]
[2020.04.06-21.01.54:186][  0]LogConfig: Setting CVar [[r.Shadow.CSM.MaxCascades:10]]
[2020.04.06-21.01.54:186][  0]LogConfig: Setting CVar [[r.Shadow.MaxResolution:2048]]
[2020.04.06-21.01.54:186][  0]LogConfig: Setting CVar [[r.Shadow.MaxCSMResolution:2048]]
[2020.04.06-21.01.54:186][  0]LogConfig: Setting CVar [[r.Shadow.RadiusThreshold:0.01]]
[2020.04.06-21.01.54:186][  0]LogConfig: Setting CVar [[r.Shadow.DistanceScale:1.0]]
[2020.04.06-21.01.54:186][  0]LogConfig: Setting CVar [[r.Shadow.CSM.TransitionScale:1.0]]
[2020.04.06-21.01.54:186][  0]LogConfig: Setting CVar [[r.Shadow.PreShadowResolutionFactor:1.0]]
[2020.04.06-21.01.54:186][  0]LogConfig: Setting CVar [[r.DistanceFieldShadowing:1]]
[2020.04.06-21.01.54:186][  0]LogConfig: Setting CVar [[r.DistanceFieldAO:1]]
[2020.04.06-21.01.54:186][  0]LogConfig: Setting CVar [[r.AOQuality:2]]
[2020.04.06-21.01.54:186][  0]LogConfig: Setting CVar [[r.VolumetricFog:1]]
[2020.04.06-21.01.54:186][  0]LogConfig: Setting CVar [[r.VolumetricFog.GridPixelSize:8]]
[2020.04.06-21.01.54:186][  0]LogConfig: Setting CVar [[r.VolumetricFog.GridSizeZ:128]]
[2020.04.06-21.01.54:186][  0]LogConfig: Setting CVar [[r.VolumetricFog.HistoryMissSupersampleCount:4]]
[2020.04.06-21.01.54:186][  0]LogConfig: Setting CVar [[r.LightMaxDrawDistanceScale:1]]
[2020.04.06-21.01.54:186][  0]LogConfig: Setting CVar [[r.CapsuleShadows:1]]
[2020.04.06-21.01.54:186][  0]LogConfig: Applying CVar settings from Section [PostProcessQuality@3] File [C:/Users/slaye/Documents/Unreal Projects/Introduction to AI with Blueprint/124_AI_With_BP 4.23/Saved/Config/Windows/Scalability.ini]
[2020.04.06-21.01.54:186][  0]LogConfig: Setting CVar [[r.MotionBlurQuality:4]]
[2020.04.06-21.01.54:186][  0]LogConfig: Setting CVar [[r.AmbientOcclusionMipLevelFactor:0.4]]
[2020.04.06-21.01.54:186][  0]LogConfig: Setting CVar [[r.AmbientOcclusionMaxQuality:100]]
[2020.04.06-21.01.54:186][  0]LogConfig: Setting CVar [[r.AmbientOcclusionLevels:-1]]
[2020.04.06-21.01.54:186][  0]LogConfig: Setting CVar [[r.AmbientOcclusionRadiusScale:1.0]]
[2020.04.06-21.01.54:186][  0]LogConfig: Setting CVar [[r.DepthOfFieldQuality:2]]
[2020.04.06-21.01.54:186][  0]LogConfig: Setting CVar [[r.RenderTargetPoolMin:400]]
[2020.04.06-21.01.54:186][  0]LogConfig: Setting CVar [[r.LensFlareQuality:2]]
[2020.04.06-21.01.54:186][  0]LogConfig: Setting CVar [[r.SceneColorFringeQuality:1]]
[2020.04.06-21.01.54:186][  0]LogConfig: Setting CVar [[r.EyeAdaptationQuality:2]]
[2020.04.06-21.01.54:186][  0]LogConfig: Setting CVar [[r.BloomQuality:5]]
[2020.04.06-21.01.54:186][  0]LogConfig: Setting CVar [[r.FastBlurThreshold:100]]
[2020.04.06-21.01.54:186][  0]LogConfig: Setting CVar [[r.Upscale.Quality:3]]
[2020.04.06-21.01.54:186][  0]LogConfig: Setting CVar [[r.Tonemapper.GrainQuantization:1]]
[2020.04.06-21.01.54:186][  0]LogConfig: Setting CVar [[r.LightShaftQuality:1]]
[2020.04.06-21.01.54:186][  0]LogConfig: Setting CVar [[r.Filter.SizeScale:1]]
[2020.04.06-21.01.54:186][  0]LogConfig: Setting CVar [[r.Tonemapper.Quality:5]]
[2020.04.06-21.01.54:186][  0]LogConfig: Setting CVar [[r.DOF.Gather.AccumulatorQuality:1        ; higher gathering accumulator quality]]
[2020.04.06-21.01.54:186][  0]LogConfig: Setting CVar [[r.DOF.Gather.PostfilterMethod:1          ; Median3x3 postfilering method]]
[2020.04.06-21.01.54:186][  0]LogConfig: Setting CVar [[r.DOF.Gather.EnableBokehSettings:0       ; no bokeh simulation when gathering]]
[2020.04.06-21.01.54:186][  0]LogConfig: Setting CVar [[r.DOF.Gather.RingCount:4                 ; medium number of samples when gathering]]
[2020.04.06-21.01.54:186][  0]LogConfig: Setting CVar [[r.DOF.Scatter.ForegroundCompositing:1    ; additive foreground scattering]]
[2020.04.06-21.01.54:186][  0]LogConfig: Setting CVar [[r.DOF.Scatter.BackgroundCompositing:2    ; additive background scattering]]
[2020.04.06-21.01.54:186][  0]LogConfig: Setting CVar [[r.DOF.Scatter.EnableBokehSettings:1      ; bokeh simulation when scattering]]
[2020.04.06-21.01.54:186][  0]LogConfig: Setting CVar [[r.DOF.Scatter.MaxSpriteRatio:0.1         ; only a maximum of 10% of scattered bokeh]]
[2020.04.06-21.01.54:186][  0]LogConfig: Setting CVar [[r.DOF.Recombine.Quality:1                ; cheap slight out of focus]]
[2020.04.06-21.01.54:186][  0]LogConfig: Setting CVar [[r.DOF.Recombine.EnableBokehSettings:0    ; no bokeh simulation on slight out of focus]]
[2020.04.06-21.01.54:186][  0]LogConfig: Setting CVar [[r.DOF.TemporalAAQuality:1                ; more stable temporal accumulation]]
[2020.04.06-21.01.54:186][  0]LogConfig: Setting CVar [[r.DOF.Kernel.MaxForegroundRadius:0.025]]
[2020.04.06-21.01.54:186][  0]LogConfig: Setting CVar [[r.DOF.Kernel.MaxBackgroundRadius:0.025]]
[2020.04.06-21.01.54:186][  0]LogConfig: Applying CVar settings from Section [TextureQuality@3] File [C:/Users/slaye/Documents/Unreal Projects/Introduction to AI with Blueprint/124_AI_With_BP 4.23/Saved/Config/Windows/Scalability.ini]
[2020.04.06-21.01.54:186][  0]LogConfig: Setting CVar [[r.Streaming.MipBias:0]]
[2020.04.06-21.01.54:186][  0]LogConfig: Setting CVar [[r.Streaming.AmortizeCPUToGPUCopy:0]]
[2020.04.06-21.01.54:186][  0]LogConfig: Setting CVar [[r.Streaming.MaxNumTexturesToStreamPerFrame:0]]
[2020.04.06-21.01.54:186][  0]LogConfig: Setting CVar [[r.Streaming.Boost:1]]
[2020.04.06-21.01.54:186][  0]LogConfig: Setting CVar [[r.MaxAnisotropy:8]]
[2020.04.06-21.01.54:186][  0]LogConfig: Setting CVar [[r.Streaming.LimitPoolSizeToVRAM:0]]
[2020.04.06-21.01.54:186][  0]LogConfig: Setting CVar [[r.Streaming.PoolSize:1000]]
[2020.04.06-21.01.54:186][  0]LogConfig: Setting CVar [[r.Streaming.MaxEffectiveScreenSize:0]]
[2020.04.06-21.01.54:186][  0]LogConfig: Applying CVar settings from Section [EffectsQuality@3] File [C:/Users/slaye/Documents/Unreal Projects/Introduction to AI with Blueprint/124_AI_With_BP 4.23/Saved/Config/Windows/Scalability.ini]
[2020.04.06-21.01.54:187][  0]LogConfig: Setting CVar [[r.TranslucencyLightingVolumeDim:64]]
[2020.04.06-21.01.54:187][  0]LogConfig: Setting CVar [[r.RefractionQuality:2]]
[2020.04.06-21.01.54:187][  0]LogConfig: Setting CVar [[r.SSR.Quality:3]]
[2020.04.06-21.01.54:187][  0]LogConfig: Setting CVar [[r.SceneColorFormat:4]]
[2020.04.06-21.01.54:187][  0]LogConfig: Setting CVar [[r.DetailMode:2]]
[2020.04.06-21.01.54:187][  0]LogConfig: Setting CVar [[r.TranslucencyVolumeBlur:1]]
[2020.04.06-21.01.54:187][  0]LogConfig: Setting CVar [[r.MaterialQualityLevel:1 ; High quality]]
[2020.04.06-21.01.54:187][  0]LogConfig: Setting CVar [[r.SSS.Scale:1]]
[2020.04.06-21.01.54:187][  0]LogConfig: Setting CVar [[r.SSS.SampleSet:2]]
[2020.04.06-21.01.54:187][  0]LogConfig: Setting CVar [[r.SSS.Quality:1]]
[2020.04.06-21.01.54:187][  0]LogConfig: Setting CVar [[r.SSS.HalfRes:1]]
[2020.04.06-21.01.54:187][  0]LogConfig: Setting CVar [[r.EmitterSpawnRateScale:1.0]]
[2020.04.06-21.01.54:187][  0]LogConfig: Setting CVar [[r.ParticleLightQuality:2]]
[2020.04.06-21.01.54:187][  0]LogConfig: Applying CVar settings from Section [FoliageQuality@3] File [C:/Users/slaye/Documents/Unreal Projects/Introduction to AI with Blueprint/124_AI_With_BP 4.23/Saved/Config/Windows/Scalability.ini]
[2020.04.06-21.01.54:187][  0]LogConfig: Setting CVar [[foliage.DensityScale:1.0]]
[2020.04.06-21.01.54:187][  0]LogConfig: Setting CVar [[grass.DensityScale:1.0]]
[2020.04.06-21.01.54:187][  0]LogInit: Selected Device Profile: [Windows]
[2020.04.06-21.01.54:187][  0]LogInit: Applying CVar settings loaded from the selected device profile: [Windows]
[2020.04.06-21.01.54:190][  0]LogHAL: Display: Platform has ~ 16 GB [17129963520 / 17179869184 / 16], which maps to Larger [LargestMinGB=32, LargerMinGB=12, DefaultMinGB=8, SmallerMinGB=6, SmallestMinGB=0)
[2020.04.06-21.01.54:190][  0]LogInit: Going up to parent DeviceProfile []
[2020.04.06-21.01.54:190][  0]LogConfig: Applying CVar settings from Section [ViewDistanceQuality@3] File [C:/Users/slaye/Documents/Unreal Projects/Introduction to AI with Blueprint/124_AI_With_BP 4.23/Saved/Config/Windows/Scalability.ini]
[2020.04.06-21.01.54:190][  0]LogConfig: Setting CVar [[r.SkeletalMeshLODBias:0]]
[2020.04.06-21.01.54:191][  0]LogConfig: Setting CVar [[r.ViewDistanceScale:1.0]]
[2020.04.06-21.01.54:191][  0]LogConfig: Applying CVar settings from Section [AntiAliasingQuality@3] File [C:/Users/slaye/Documents/Unreal Projects/Introduction to AI with Blueprint/124_AI_With_BP 4.23/Saved/Config/Windows/Scalability.ini]
[2020.04.06-21.01.54:191][  0]LogConfig: Setting CVar [[r.PostProcessAAQuality:4]]
[2020.04.06-21.01.54:191][  0]LogConfig: Applying CVar settings from Section [ShadowQuality@3] File [C:/Users/slaye/Documents/Unreal Projects/Introduction to AI with Blueprint/124_AI_With_BP 4.23/Saved/Config/Windows/Scalability.ini]
[2020.04.06-21.01.54:191][  0]LogConfig: Setting CVar [[r.LightFunctionQuality:1]]
[2020.04.06-21.01.54:191][  0]LogConfig: Setting CVar [[r.ShadowQuality:5]]
[2020.04.06-21.01.54:191][  0]LogConfig: Setting CVar [[r.Shadow.CSM.MaxCascades:10]]
[2020.04.06-21.01.54:191][  0]LogConfig: Setting CVar [[r.Shadow.MaxResolution:2048]]
[2020.04.06-21.01.54:191][  0]LogConfig: Setting CVar [[r.Shadow.MaxCSMResolution:2048]]
[2020.04.06-21.01.54:191][  0]LogConfig: Setting CVar [[r.Shadow.RadiusThreshold:0.01]]
[2020.04.06-21.01.54:191][  0]LogConfig: Setting CVar [[r.Shadow.DistanceScale:1.0]]
[2020.04.06-21.01.54:191][  0]LogConfig: Setting CVar [[r.Shadow.CSM.TransitionScale:1.0]]
[2020.04.06-21.01.54:191][  0]LogConfig: Setting CVar [[r.Shadow.PreShadowResolutionFactor:1.0]]
[2020.04.06-21.01.54:191][  0]LogConfig: Setting CVar [[r.DistanceFieldShadowing:1]]
[2020.04.06-21.01.54:191][  0]LogConfig: Setting CVar [[r.DistanceFieldAO:1]]
[2020.04.06-21.01.54:191][  0]LogConfig: Setting CVar [[r.AOQuality:2]]
[2020.04.06-21.01.54:191][  0]LogConfig: Setting CVar [[r.VolumetricFog:1]]
[2020.04.06-21.01.54:191][  0]LogConfig: Setting CVar [[r.VolumetricFog.GridPixelSize:8]]
[2020.04.06-21.01.54:191][  0]LogConfig: Setting CVar [[r.VolumetricFog.GridSizeZ:128]]
[2020.04.06-21.01.54:191][  0]LogConfig: Setting CVar [[r.VolumetricFog.HistoryMissSupersampleCount:4]]
[2020.04.06-21.01.54:191][  0]LogConfig: Setting CVar [[r.LightMaxDrawDistanceScale:1]]
[2020.04.06-21.01.54:191][  0]LogConfig: Setting CVar [[r.CapsuleShadows:1]]
[2020.04.06-21.01.54:191][  0]LogConfig: Applying CVar settings from Section [PostProcessQuality@3] File [C:/Users/slaye/Documents/Unreal Projects/Introduction to AI with Blueprint/124_AI_With_BP 4.23/Saved/Config/Windows/Scalability.ini]
[2020.04.06-21.01.54:191][  0]LogConfig: Setting CVar [[r.MotionBlurQuality:4]]
[2020.04.06-21.01.54:191][  0]LogConfig: Setting CVar [[r.AmbientOcclusionMipLevelFactor:0.4]]
[2020.04.06-21.01.54:191][  0]LogConfig: Setting CVar [[r.AmbientOcclusionMaxQuality:100]]
[2020.04.06-21.01.54:191][  0]LogConfig: Setting CVar [[r.AmbientOcclusionLevels:-1]]
[2020.04.06-21.01.54:191][  0]LogConfig: Setting CVar [[r.AmbientOcclusionRadiusScale:1.0]]
[2020.04.06-21.01.54:191][  0]LogConfig: Setting CVar [[r.DepthOfFieldQuality:2]]
[2020.04.06-21.01.54:191][  0]LogConfig: Setting CVar [[r.RenderTargetPoolMin:400]]
[2020.04.06-21.01.54:191][  0]LogConfig: Setting CVar [[r.LensFlareQuality:2]]
[2020.04.06-21.01.54:191][  0]LogConfig: Setting CVar [[r.SceneColorFringeQuality:1]]
[2020.04.06-21.01.54:191][  0]LogConfig: Setting CVar [[r.EyeAdaptationQuality:2]]
[2020.04.06-21.01.54:191][  0]LogConfig: Setting CVar [[r.BloomQuality:5]]
[2020.04.06-21.01.54:191][  0]LogConfig: Setting CVar [[r.FastBlurThreshold:100]]
[2020.04.06-21.01.54:191][  0]LogConfig: Setting CVar [[r.Upscale.Quality:3]]
[2020.04.06-21.01.54:191][  0]LogConfig: Setting CVar [[r.Tonemapper.GrainQuantization:1]]
[2020.04.06-21.01.54:191][  0]LogConfig: Setting CVar [[r.LightShaftQuality:1]]
[2020.04.06-21.01.54:191][  0]LogConfig: Setting CVar [[r.Filter.SizeScale:1]]
[2020.04.06-21.01.54:191][  0]LogConfig: Setting CVar [[r.Tonemapper.Quality:5]]
[2020.04.06-21.01.54:191][  0]LogConfig: Setting CVar [[r.DOF.Gather.AccumulatorQuality:1        ; higher gathering accumulator quality]]
[2020.04.06-21.01.54:191][  0]LogConfig: Setting CVar [[r.DOF.Gather.PostfilterMethod:1          ; Median3x3 postfilering method]]
[2020.04.06-21.01.54:191][  0]LogConfig: Setting CVar [[r.DOF.Gather.EnableBokehSettings:0       ; no bokeh simulation when gathering]]
[2020.04.06-21.01.54:191][  0]LogConfig: Setting CVar [[r.DOF.Gather.RingCount:4                 ; medium number of samples when gathering]]
[2020.04.06-21.01.54:191][  0]LogConfig: Setting CVar [[r.DOF.Scatter.ForegroundCompositing:1    ; additive foreground scattering]]
[2020.04.06-21.01.54:191][  0]LogConfig: Setting CVar [[r.DOF.Scatter.BackgroundCompositing:2    ; additive background scattering]]
[2020.04.06-21.01.54:191][  0]LogConfig: Setting CVar [[r.DOF.Scatter.EnableBokehSettings:1      ; bokeh simulation when scattering]]
[2020.04.06-21.01.54:191][  0]LogConfig: Setting CVar [[r.DOF.Scatter.MaxSpriteRatio:0.1         ; only a maximum of 10% of scattered bokeh]]
[2020.04.06-21.01.54:191][  0]LogConfig: Setting CVar [[r.DOF.Recombine.Quality:1                ; cheap slight out of focus]]
[2020.04.06-21.01.54:191][  0]LogConfig: Setting CVar [[r.DOF.Recombine.EnableBokehSettings:0    ; no bokeh simulation on slight out of focus]]
[2020.04.06-21.01.54:191][  0]LogConfig: Setting CVar [[r.DOF.TemporalAAQuality:1                ; more stable temporal accumulation]]
[2020.04.06-21.01.54:191][  0]LogConfig: Setting CVar [[r.DOF.Kernel.MaxForegroundRadius:0.025]]
[2020.04.06-21.01.54:191][  0]LogConfig: Setting CVar [[r.DOF.Kernel.MaxBackgroundRadius:0.025]]
[2020.04.06-21.01.54:191][  0]LogConfig: Applying CVar settings from Section [TextureQuality@3] File [C:/Users/slaye/Documents/Unreal Projects/Introduction to AI with Blueprint/124_AI_With_BP 4.23/Saved/Config/Windows/Scalability.ini]
[2020.04.06-21.01.54:191][  0]LogConfig: Setting CVar [[r.Streaming.MipBias:0]]
[2020.04.06-21.01.54:191][  0]LogConfig: Setting CVar [[r.Streaming.AmortizeCPUToGPUCopy:0]]
[2020.04.06-21.01.54:191][  0]LogConfig: Setting CVar [[r.Streaming.MaxNumTexturesToStreamPerFrame:0]]
[2020.04.06-21.01.54:191][  0]LogConfig: Setting CVar [[r.Streaming.Boost:1]]
[2020.04.06-21.01.54:191][  0]LogConfig: Setting CVar [[r.MaxAnisotropy:8]]
[2020.04.06-21.01.54:191][  0]LogConfig: Setting CVar [[r.Streaming.LimitPoolSizeToVRAM:0]]
[2020.04.06-21.01.54:191][  0]LogConfig: Setting CVar [[r.Streaming.PoolSize:1000]]
[2020.04.06-21.01.54:191][  0]LogConfig: Setting CVar [[r.Streaming.MaxEffectiveScreenSize:0]]
[2020.04.06-21.01.54:191][  0]LogConfig: Applying CVar settings from Section [EffectsQuality@3] File [C:/Users/slaye/Documents/Unreal Projects/Introduction to AI with Blueprint/124_AI_With_BP 4.23/Saved/Config/Windows/Scalability.ini]
[2020.04.06-21.01.54:191][  0]LogConfig: Setting CVar [[r.TranslucencyLightingVolumeDim:64]]
[2020.04.06-21.01.54:191][  0]LogConfig: Setting CVar [[r.RefractionQuality:2]]
[2020.04.06-21.01.54:192][  0]LogConfig: Setting CVar [[r.SSR.Quality:3]]
[2020.04.06-21.01.54:192][  0]LogConfig: Setting CVar [[r.SceneColorFormat:4]]
[2020.04.06-21.01.54:192][  0]LogConfig: Setting CVar [[r.DetailMode:2]]
[2020.04.06-21.01.54:192][  0]LogConfig: Setting CVar [[r.TranslucencyVolumeBlur:1]]
[2020.04.06-21.01.54:192][  0]LogConfig: Setting CVar [[r.MaterialQualityLevel:1 ; High quality]]
[2020.04.06-21.01.54:192][  0]LogConfig: Setting CVar [[r.SSS.Scale:1]]
[2020.04.06-21.01.54:192][  0]LogConfig: Setting CVar [[r.SSS.SampleSet:2]]
[2020.04.06-21.01.54:192][  0]LogConfig: Setting CVar [[r.SSS.Quality:1]]
[2020.04.06-21.01.54:192][  0]LogConfig: Setting CVar [[r.SSS.HalfRes:1]]
[2020.04.06-21.01.54:192][  0]LogConfig: Setting CVar [[r.EmitterSpawnRateScale:1.0]]
[2020.04.06-21.01.54:192][  0]LogConfig: Setting CVar [[r.ParticleLightQuality:2]]
[2020.04.06-21.01.54:192][  0]LogConfig: Applying CVar settings from Section [FoliageQuality@3] File [C:/Users/slaye/Documents/Unreal Projects/Introduction to AI with Blueprint/124_AI_With_BP 4.23/Saved/Config/Windows/Scalability.ini]
[2020.04.06-21.01.54:192][  0]LogConfig: Setting CVar [[foliage.DensityScale:1.0]]
[2020.04.06-21.01.54:192][  0]LogConfig: Setting CVar [[grass.DensityScale:1.0]]
[2020.04.06-21.01.54:192][  0]LogConfig: Applying CVar settings from Section [Startup] File [../../../Engine/Config/ConsoleVariables.ini]
[2020.04.06-21.01.54:192][  0]LogConfig: Setting CVar [[net.UseAdaptiveNetUpdateFrequency:0]]
[2020.04.06-21.01.54:192][  0]LogConfig: Setting CVar [[p.chaos.AllowCreatePhysxBodies:1]]
[2020.04.06-21.01.54:192][  0]LogConfig: Applying CVar settings from Section [ConsoleVariables] File [C:/Users/slaye/Documents/Unreal Projects/Introduction to AI with Blueprint/124_AI_With_BP 4.23/Saved/Config/Windows/Engine.ini]
[2020.04.06-21.01.54:192][  0]LogInit: Computer: DESKTOP-PF5O14V
[2020.04.06-21.01.54:192][  0]LogInit: User: slaye
[2020.04.06-21.01.54:192][  0]LogInit: CPU Page size=4096, Cores=6
[2020.04.06-21.01.54:192][  0]LogInit: High frequency timer resolution =10.000000 MHz
[2020.04.06-21.01.54:192][  0]LogMemory: Memory total: Physical=16.0GB (16GB approx)
[2020.04.06-21.01.54:192][  0]LogMemory: Platform Memory Stats for Windows
[2020.04.06-21.01.54:192][  0]LogMemory: Process Physical Memory: 101.58 MB used, 101.58 MB peak
[2020.04.06-21.01.54:192][  0]LogMemory: Process Virtual Memory: 101.52 MB used, 101.52 MB peak
[2020.04.06-21.01.54:192][  0]LogMemory: Physical Memory: 4850.07 MB used,  11486.34 MB free, 16336.41 MB total
[2020.04.06-21.01.54:192][  0]LogMemory: Virtual Memory: 4686.71 MB used,  134213040.00 MB free, 134217728.00 MB total
[2020.04.06-21.01.54:197][  0]LogWindows: WindowsPlatformFeatures enabled
[2020.04.06-21.01.54:231][  0]LogInit: Using OS detected language (en-US).
[2020.04.06-21.01.54:231][  0]LogInit: Using OS detected locale (en-US).
[2020.04.06-21.01.54:232][  0]LogTextLocalizationManager: No specific localization for 'en-US' exists, so the 'en' localization will be used.
[2020.04.06-21.01.54:419][  0]LogInit: Setting process to per monitor DPI aware
[2020.04.06-21.01.54:466][  0]LogSlate: New Slate User Created.  User Index 0, Is Virtual User: 0
[2020.04.06-21.01.54:466][  0]LogSlate: Slate User Registered.  User Index 0, Is Virtual User: 0
[2020.04.06-21.01.54:654][  0]LogHMD: Failed to initialize OpenVR with code 110
[2020.04.06-21.01.54:654][  0]LogD3D11RHI: D3D11 adapters:
[2020.04.06-21.01.54:739][  0]LogD3D11RHI:    0. 'NVIDIA GeForce GTX 1070' (Feature Level 11_0)
[2020.04.06-21.01.54:739][  0]LogD3D11RHI:       8088/0/8168 MB DedicatedVideo/DedicatedSystem/SharedSystem, Outputs:2, VendorId:0x10de
[2020.04.06-21.01.54:742][  0]LogD3D11RHI:    1. 'Microsoft Basic Render Driver' (Feature Level 11_0)
[2020.04.06-21.01.54:742][  0]LogD3D11RHI:       0/0/8168 MB DedicatedVideo/DedicatedSystem/SharedSystem, Outputs:0, VendorId:0x1414
[2020.04.06-21.01.54:742][  0]LogD3D11RHI: Chosen D3D11 Adapter: 0
[2020.04.06-21.01.54:752][  0]LogD3D11RHI: Creating new Direct3DDevice
[2020.04.06-21.01.54:752][  0]LogD3D11RHI:     GPU DeviceId: 0x1b81 (for the marketing name, search the web for "GPU Device Id")
[2020.04.06-21.01.54:752][  0]LogWindows: EnumDisplayDevices:
[2020.04.06-21.01.54:753][  0]LogWindows:    0. 'NVIDIA GeForce GTX 1070' (P:0 D:1)
[2020.04.06-21.01.54:753][  0]LogWindows:    1. 'NVIDIA GeForce GTX 1070' (P:1 D:1)
[2020.04.06-21.01.54:753][  0]LogWindows:    2. 'NVIDIA GeForce GTX 1070' (P:0 D:0)
[2020.04.06-21.01.54:754][  0]LogWindows:    3. 'NVIDIA GeForce GTX 1070' (P:0 D:0)
[2020.04.06-21.01.54:754][  0]LogWindows: DebugString: FoundDriverCount:4 
[2020.04.06-21.01.54:754][  0]LogD3D11RHI:     Adapter Name: NVIDIA GeForce GTX 1070
[2020.04.06-21.01.54:754][  0]LogD3D11RHI:   Driver Version: 441.41 (internal:26.21.14.4141, unified:441.41)
[2020.04.06-21.01.54:754][  0]LogD3D11RHI:      Driver Date: 11-20-2019
[2020.04.06-21.01.54:754][  0]LogRHI: Texture pool is 5661 MB (70% of 8088 MB)
[2020.04.06-21.01.54:810][  0]LogD3D11RHI: Async texture creation enabled
[2020.04.06-21.01.54:827][  0]LogD3D11RHI: GPU Timing Frequency: 1000.000000 (Debug: 2 1)
[2020.04.06-21.01.55:167][  0]LogTemp: Display: Module 'AllDesktopTargetPlatform' loaded TargetPlatform 'AllDesktop'
[2020.04.06-21.01.55:178][  0]LogTemp: Display: Module 'MacClientTargetPlatform' loaded TargetPlatform 'MacClient'
[2020.04.06-21.01.55:190][  0]LogTemp: Display: Module 'MacNoEditorTargetPlatform' loaded TargetPlatform 'MacNoEditor'
[2020.04.06-21.01.55:203][  0]LogTemp: Display: Module 'MacServerTargetPlatform' loaded TargetPlatform 'MacServer'
[2020.04.06-21.01.55:216][  0]LogTemp: Display: Module 'MacTargetPlatform' loaded TargetPlatform 'Mac'
[2020.04.06-21.01.55:227][  0]LogTemp: Display: Module 'WindowsClientTargetPlatform' loaded TargetPlatform 'WindowsClient'
[2020.04.06-21.01.55:240][  0]LogTemp: Display: Module 'WindowsNoEditorTargetPlatform' loaded TargetPlatform 'WindowsNoEditor'
[2020.04.06-21.01.55:252][  0]LogTemp: Display: Module 'WindowsServerTargetPlatform' loaded TargetPlatform 'WindowsServer'
[2020.04.06-21.01.55:259][  0]LogTemp: Display: Module 'WindowsTargetPlatform' loaded TargetPlatform 'Windows'
[2020.04.06-21.01.55:308][  0]LogTemp: Display: Module 'AndroidTargetPlatform' loaded TargetPlatform 'Android'
[2020.04.06-21.01.55:308][  0]LogTemp: Display: Module 'AndroidTargetPlatform' loaded TargetPlatform 'Android_ASTC'
[2020.04.06-21.01.55:308][  0]LogTemp: Display: Module 'AndroidTargetPlatform' loaded TargetPlatform 'Android_ATC'
[2020.04.06-21.01.55:308][  0]LogTemp: Display: Module 'AndroidTargetPlatform' loaded TargetPlatform 'Android_DXT'
[2020.04.06-21.01.55:308][  0]LogTemp: Display: Module 'AndroidTargetPlatform' loaded TargetPlatform 'Android_ETC1'
[2020.04.06-21.01.55:308][  0]LogTemp: Display: Module 'AndroidTargetPlatform' loaded TargetPlatform 'Android_ETC1a'
[2020.04.06-21.01.55:308][  0]LogTemp: Display: Module 'AndroidTargetPlatform' loaded TargetPlatform 'Android_ETC2'
[2020.04.06-21.01.55:308][  0]LogTemp: Display: Module 'AndroidTargetPlatform' loaded TargetPlatform 'Android_PVRTC'
[2020.04.06-21.01.55:308][  0]LogTemp: Display: Module 'AndroidTargetPlatform' loaded TargetPlatform 'AndroidClient'
[2020.04.06-21.01.55:309][  0]LogTemp: Display: Module 'AndroidTargetPlatform' loaded TargetPlatform 'Android_ASTCClient'
[2020.04.06-21.01.55:309][  0]LogTemp: Display: Module 'AndroidTargetPlatform' loaded TargetPlatform 'Android_ATCClient'
[2020.04.06-21.01.55:309][  0]LogTemp: Display: Module 'AndroidTargetPlatform' loaded TargetPlatform 'Android_DXTClient'
[2020.04.06-21.01.55:309][  0]LogTemp: Display: Module 'AndroidTargetPlatform' loaded TargetPlatform 'Android_ETC1Client'
[2020.04.06-21.01.55:309][  0]LogTemp: Display: Module 'AndroidTargetPlatform' loaded TargetPlatform 'Android_ETC1aClient'
[2020.04.06-21.01.55:309][  0]LogTemp: Display: Module 'AndroidTargetPlatform' loaded TargetPlatform 'Android_ETC2Client'
[2020.04.06-21.01.55:309][  0]LogTemp: Display: Module 'AndroidTargetPlatform' loaded TargetPlatform 'Android_PVRTCClient'
[2020.04.06-21.01.55:309][  0]LogTemp: Display: Module 'AndroidTargetPlatform' loaded TargetPlatform 'Android_Multi'
[2020.04.06-21.01.55:309][  0]LogTemp: Display: Module 'AndroidTargetPlatform' loaded TargetPlatform 'Android_MultiClient'
[2020.04.06-21.01.55:312][  0]LogTemp: Display: Module 'HTML5TargetPlatform' loaded TargetPlatform 'HTML5'
[2020.04.06-21.01.55:336][  0]LogTemp: Display: Module 'IOSTargetPlatform' loaded TargetPlatform 'IOSClient'
[2020.04.06-21.01.55:336][  0]LogTemp: Display: Module 'IOSTargetPlatform' loaded TargetPlatform 'IOS'
[2020.04.06-21.01.55:356][  0]LogTemp: Display: Module 'TVOSTargetPlatform' loaded TargetPlatform 'TVOSClient'
[2020.04.06-21.01.55:356][  0]LogTemp: Display: Module 'TVOSTargetPlatform' loaded TargetPlatform 'TVOS'
[2020.04.06-21.01.55:366][  0]LogTemp: Display: Module 'LinuxClientTargetPlatform' loaded TargetPlatform 'LinuxClient'
[2020.04.06-21.01.55:375][  0]LogTemp: Display: Module 'LinuxNoEditorTargetPlatform' loaded TargetPlatform 'LinuxNoEditor'
[2020.04.06-21.01.55:385][  0]LogTemp: Display: Module 'LinuxServerTargetPlatform' loaded TargetPlatform 'LinuxServer'
[2020.04.06-21.01.55:395][  0]LogTemp: Display: Module 'LinuxTargetPlatform' loaded TargetPlatform 'Linux'
[2020.04.06-21.01.55:425][  0]LogTemp: Display: Module 'LuminTargetPlatform' loaded TargetPlatform 'Lumin'
[2020.04.06-21.01.55:425][  0]LogTemp: Display: Module 'LuminTargetPlatform' loaded TargetPlatform 'LuminClient'
[2020.04.06-21.01.55:425][  0]LogTargetPlatformManager: Display: Building Assets For Windows
[2020.04.06-21.01.55:438][  0]LogAudioDebug: Display: Lib vorbis DLL was dynamically loaded.
[2020.04.06-21.01.55:517][  0]LogShaderCompilers: Guid format shader working directory is -64 characters bigger than the processId version (../../../../../../Users/slaye/Documents/Unreal Projects/Introduction to AI with Blueprint/124_AI_With_BP 4.23/Intermediate/Shaders/WorkingDirectory/11240/).
[2020.04.06-21.01.55:517][  0]LogShaderCompilers: Cleaned the shader compiler working directory 'C:/Users/slaye/AppData/Local/Temp/UnrealShaderWorkingDir/7A6747BA4A674F378DD8DB8BCA962BEE/'.
[2020.04.06-21.01.55:521][  0]LogXGEController: Cannot use XGE Controller as Incredibuild is not installed on this machine.
[2020.04.06-21.01.55:521][  0]LogShaderCompilers: Cannot use XGE Shader Compiler as Incredibuild is not installed on this machine.
[2020.04.06-21.01.55:521][  0]LogShaderCompilers: Display: Using Local Shader Compiler.
[2020.04.06-21.01.56:208][  0]LogDerivedDataCache: Display: Max Cache Size: 512 MB
[2020.04.06-21.01.56:254][  0]LogDerivedDataCache: Loaded boot cache 0.05s 73MB C:/Users/slaye/AppData/Local/UnrealEngine/4.23/DerivedDataCache/Boot.ddc.
[2020.04.06-21.01.56:254][  0]LogDerivedDataCache: Display: Loaded Boot cache: C:/Users/slaye/AppData/Local/UnrealEngine/4.23/DerivedDataCache/Boot.ddc
[2020.04.06-21.01.56:254][  0]LogDerivedDataCache: FDerivedDataBackendGraph:  Pak pak cache file ../../../../../../Users/slaye/Documents/Unreal Projects/Introduction to AI with Blueprint/124_AI_With_BP 4.23/DerivedDataCache/DDC.ddp not found, will not use a pak cache.
[2020.04.06-21.01.56:254][  0]LogDerivedDataCache: Unable to find inner node Pak for hierarchical cache Hierarchy.
[2020.04.06-21.01.56:254][  0]LogDerivedDataCache: FDerivedDataBackendGraph:  CompressedPak pak cache file ../../../../../../Users/slaye/Documents/Unreal Projects/Introduction to AI with Blueprint/124_AI_With_BP 4.23/DerivedDataCache/Compressed.ddp not found, will not use a pak cache.
[2020.04.06-21.01.56:254][  0]LogDerivedDataCache: Unable to find inner node CompressedPak for hierarchical cache Hierarchy.
[2020.04.06-21.01.56:267][  0]LogDerivedDataCache: Display: Pak cache opened for reading ../../../Engine/DerivedDataCache/Compressed.ddp.
[2020.04.06-21.01.56:267][  0]LogDerivedDataCache: FDerivedDataBackendGraph:  EnterprisePak pak cache file ../../../Enterprise/DerivedDataCache/Compressed.ddp not found, will not use a pak cache.
[2020.04.06-21.01.56:267][  0]LogDerivedDataCache: Unable to find inner node EnterprisePak for hierarchical cache Hierarchy.
[2020.04.06-21.01.56:268][  0]LogDerivedDataCache: Using Local data cache path C:/Users/slaye/AppData/Local/UnrealEngine/Common/DerivedDataCache: Writable
[2020.04.06-21.01.56:268][  0]LogDerivedDataCache: Shared data cache path not found in *engine.ini, will not use an Shared cache.
[2020.04.06-21.01.56:268][  0]LogDerivedDataCache: Unable to find inner node Shared for hierarchical cache Hierarchy.
[2020.04.06-21.01.56:292][  0]LogMaterial: Verifying Global Shaders for PCD3D_SM5
[2020.04.06-21.01.56:295][  0]LogSlate: Using FreeType 2.6.0
[2020.04.06-21.01.56:296][  0]LogSlate: SlateFontServices - WITH_FREETYPE: 1, WITH_HARFBUZZ: 1
[2020.04.06-21.01.56:358][  0]LogAssetRegistry: FAssetRegistry took 0.0030 seconds to start up
[2020.04.06-21.01.56:678][  0]LogInit: Selected Device Profile: [Windows]
[2020.04.06-21.01.56:842][  0]LogMeshReduction: Using QuadricMeshReduction for automatic static mesh reduction
[2020.04.06-21.01.56:842][  0]LogMeshReduction: Using SimplygonMeshReduction for automatic skeletal mesh reduction
[2020.04.06-21.01.56:842][  0]LogMeshReduction: Using ProxyLODMeshReduction for automatic mesh merging
[2020.04.06-21.01.56:842][  0]LogMeshReduction: No distributed automatic mesh merging module available
[2020.04.06-21.01.56:842][  0]LogMeshMerging: No distributed automatic mesh merging module available
[2020.04.06-21.01.56:853][  0]LogNetVersion: a124_AI_With_BP 1.0.0, NetCL: 8386587, EngineNetVer: 11, GameNetVer: 0 (Checksum: 662097081)
[2020.04.06-21.01.57:295][  0]LogPackageLocalizationCache: Processed 12 localized package path(s) for 1 prioritized culture(s) in 0.050783 seconds
[2020.04.06-21.01.57:303][  0]LogUObjectArray: 43444 objects as part of root set at end of initial load.
[2020.04.06-21.01.57:303][  0]LogUObjectAllocator: 7548648 out of 0 bytes used by permanent object pool.
[2020.04.06-21.01.57:303][  0]LogUObjectArray: CloseDisregardForGC: 0/0 objects in disregard for GC pool
[2020.04.06-21.01.58:291][  0]LogTcpMessaging: Initializing TcpMessaging bridge
[2020.04.06-21.01.58:295][  0]LogUdpMessaging: Initializing bridge on interface 0.0.0.0:0 to multicast group 230.0.0.1:6666.
[2020.04.06-21.01.58:370][  0]SourceControl: Source control is disabled
[2020.04.06-21.01.58:370][  0]SourceControl: Source control is disabled
[2020.04.06-21.01.58:372][  0]SourceControl: Source control is disabled
[2020.04.06-21.01.58:374][  0]SourceControl: Source control is disabled
[2020.04.06-21.01.58:504][  0]LogAndroidPermission: UAndroidPermissionCallbackProxy::GetInstance
[2020.04.06-21.01.58:661][  0]LogOcInput: OculusInput pre-init called
[2020.04.06-21.01.58:672][  0]LogWindows: Failed to load 'OVRPlugin.dll' (GetLastError=126)
[2020.04.06-21.01.58:672][  0]LogWindows: File 'OVRPlugin.dll' does not exist
[2020.04.06-21.01.58:757][  0]LogEngine: Initializing Engine...
[2020.04.06-21.01.58:758][  0]LogHMD: Failed to initialize OpenVR with code 110
[2020.04.06-21.01.58:759][  0]LogStats: UGameplayTagsManager::InitializeManager -  0.000 s
[2020.04.06-21.01.59:002][  0]LogInit: Initializing FReadOnlyCVARCache
[2020.04.06-21.01.59:020][  0]LogAIModule: Creating AISystem for world Untitled
[2020.04.06-21.01.59:048][  0]LogInit: XAudio2 using 'Headset Earphone (ASTRO Wireless Transmitter )' : 2 channels at 48 kHz using 16 bits per sample (channel mask 0x3)
[2020.04.06-21.01.59:072][  0]LogInit: FAudioDevice initialized.
[2020.04.06-21.01.59:072][  0]LogNetVersion: Set ProjectVersion to 1.0.0.0. Version Checksum will be recalculated on next use.
[2020.04.06-21.01.59:346][  0]LogDerivedDataCache: Saved boot cache 0.27s 73MB C:/Users/slaye/AppData/Local/UnrealEngine/4.23/DerivedDataCache/Boot.ddc.
[2020.04.06-21.01.59:348][  0]LogInit: Texture streaming: Enabled
[2020.04.06-21.01.59:381][  0]LogEngineSessionManager: EngineSessionManager initialized
[2020.04.06-21.01.59:381][  0]LogEditorSessionSummary: Verbose: Initializing EditorSessionSummaryWriter for editor session tracking
[2020.04.06-21.01.59:383][  0]LogEditorSessionSummary: EditorSessionSummaryWriter initialized
[2020.04.06-21.01.59:445][  0]LogInit: Transaction tracking system initialized
[2020.04.06-21.01.59:488][  0]BlueprintLog: New page: Editor Load
[2020.04.06-21.01.59:597][  0]LocalizationService: Localization service is disabled
[2020.04.06-21.01.59:663][  0]LogLinker: Warning: Failed to load '/Game/FirstPersonBP/FirstPersonOverview': Can't find file.
[2020.04.06-21.01.59:663][  0]LogLinker: Warning: Failed to load '/Game/FirstPersonBP/FirstPersonOverview': Can't find file.
[2020.04.06-21.01.59:663][  0]LogUObjectGlobals: Warning: Failed to find object 'Class /Game/FirstPersonBP/FirstPersonOverview.FirstPersonOverview_C'
[2020.04.06-21.01.59:888][  0]LogFileCache: Scanning file cache for directory 'C:/Users/slaye/Documents/Unreal Projects/Introduction to AI with Blueprint/124_AI_With_BP 4.23/Content/' took 0.01s
[2020.04.06-21.01.59:888][  0]LogCook: Display: Max memory allowance for cook 16384mb min free memory 0mb
[2020.04.06-21.01.59:888][  0]LogCook: Display: Mobile HDR setting 1
[2020.04.06-21.02.00:135][  0]SourceControl: Source control is disabled
[2020.04.06-21.02.00:135][  0]LightingResults: New page: Lighting Build
[2020.04.06-21.02.00:139][  0]LogWorld: UWorld::CleanupWorld for Untitled, bSessionEnded=true, bCleanupResources=true
[2020.04.06-21.02.00:139][  0]MapCheck: New page: Map Check
[2020.04.06-21.02.00:139][  0]LightingResults: New page: Lighting Build
[2020.04.06-21.02.00:178][  0]LogUObjectHash: Compacting FUObjectHashTables data took   1.86ms
[2020.04.06-21.02.00:511][  0]LogAIModule: Creating AISystem for world ThirdPersonExampleMap
[2020.04.06-21.02.00:518][  0]LogEditorServer: Finished looking for orphan Actors (0.000 secs)
[2020.04.06-21.02.00:560][  0]LogUObjectHash: Compacting FUObjectHashTables data took   2.55ms
[2020.04.06-21.02.00:560][  0]Cmd: MAP CHECKDEP NOCLEARLOG
[2020.04.06-21.02.00:560][  0]MapCheck: Map check complete: 0 Error(s), 0 Warning(s), took 0.237ms to complete.
[2020.04.06-21.02.00:560][  0]LogFileHelpers: Loading map 'ThirdPersonExampleMap' took 0.425
[2020.04.06-21.02.00:676][  0]LogSlate: Updating window title bar state: overlay mode, drag disabled, window buttons hidden, title bar hidden
[2020.04.06-21.02.00:683][  0]LogSlate: Updating window title bar state: overlay mode, drag disabled, window buttons hidden, title bar hidden
[2020.04.06-21.02.00:691][  0]LogSlate: Updating window title bar state: overlay mode, drag disabled, window buttons hidden, title bar hidden
[2020.04.06-21.02.00:698][  0]LogSlate: Updating window title bar state: overlay mode, drag disabled, window buttons hidden, title bar hidden
[2020.04.06-21.02.00:707][  0]LogCollectionManager: Loaded 0 collections in 0.002357 seconds
[2020.04.06-21.02.00:713][  0]LogFileCache: Scanning file cache for directory 'C:/Users/slaye/Documents/Unreal Projects/Introduction to AI with Blueprint/124_AI_With_BP 4.23/Saved/Collections/' took 0.00s
[2020.04.06-21.02.00:713][  0]LogFileCache: Scanning file cache for directory 'C:/Users/slaye/Documents/Unreal Projects/Introduction to AI with Blueprint/124_AI_With_BP 4.23/Content/Developers/slaye/Collections/' took 0.00s
[2020.04.06-21.02.00:713][  0]LogFileCache: Scanning file cache for directory 'C:/Users/slaye/Documents/Unreal Projects/Introduction to AI with Blueprint/124_AI_With_BP 4.23/Content/Collections/' took 0.00s
[2020.04.06-21.02.00:713][  0]LogCollectionManager: Rebuilt the GUID cache for 0 collections in 0.000001 seconds
[2020.04.06-21.02.00:724][  0]LogContentBrowser: Native class hierarchy populated in 0.0101 seconds. Added 2870 classes and 682 folders.
[2020.04.06-21.02.00:732][  0]LogContentBrowser: Native class hierarchy updated for 'WidgetCarousel' in 0.0002 seconds. Added 0 classes and 0 folders.
[2020.04.06-21.02.00:781][  0]LogContentBrowser: Native class hierarchy updated for 'AddContentDialog' in 0.0002 seconds. Added 0 classes and 0 folders.
[2020.04.06-21.02.00:788][  0]LogContentBrowser: Native class hierarchy updated for 'SceneOutliner' in 0.0003 seconds. Added 1 classes and 2 folders.
[2020.04.06-21.02.00:868][  0]LogSlate: Took 0.000212 seconds to synchronously load lazily loaded font '../../../Engine/Content/Slate/Fonts/Roboto-Regular.ttf' (155K)
[2020.04.06-21.02.00:872][  0]LogSlate: Took 0.000179 seconds to synchronously load lazily loaded font '../../../Engine/Content/Slate/Fonts/Roboto-Bold.ttf' (160K)
[2020.04.06-21.02.00:875][  0]LogSlate: Took 0.000214 seconds to synchronously load lazily loaded font '../../../Engine/Content/Editor/Slate/Fonts/FontAwesome.ttf' (139K)
[2020.04.06-21.02.00:937][  0]LogRenderer: Reallocating scene render targets to support 912x552 Format 10 NumSamples 1 (Frame:1).
[2020.04.06-21.02.01:025][  0]LogContentBrowser: Native class hierarchy updated for 'HierarchicalLODOutliner' in 0.0003 seconds. Added 0 classes and 0 folders.
[2020.04.06-21.02.01:025][  0]LogLoad: (Engine Initialization) Total time: 8.42 seconds
[2020.04.06-21.02.01:025][  0]LogLoad: (Engine Initialization) Total Blueprint compile time: 0.00 seconds
[2020.04.06-21.02.01:077][  0]LogAssetRegistry: Asset discovery search completed in 4.7198 seconds
[2020.04.06-21.02.01:080][  0]LogCollectionManager: Rebuilt the object cache for 0 collections in 0.000004 seconds (found 0 objects)
[2020.04.06-21.02.01:080][  0]LogCollectionManager: Fixed up redirectors for 0 collections in 0.000040 seconds (updated 0 objects)
[2020.04.06-21.02.01:082][  0]LogContentStreaming: Texture pool size now 1000 MB
[2020.04.06-21.02.01:103][  0]LogSlate: Took 0.000213 seconds to synchronously load lazily loaded font '../../../Engine/Content/Slate/Fonts/Roboto-Light.ttf' (167K)
[2020.04.06-21.02.02:053][107]LogSlate: Took 0.000219 seconds to synchronously load lazily loaded font '../../../Engine/Content/Slate/Fonts/Roboto-Light.ttf' (167K)
[2020.04.06-21.02.03:716][303]LogSlate: FSceneViewport::OnFocusLost() reason 0
[2020.04.06-21.02.03:820][312]LogAssetEditorManager: Opening Asset editor for Blueprint /Game/ThirdPersonBP/Blueprints/ThirdPersonCharacter.ThirdPersonCharacter
[2020.04.06-21.02.04:080][312]LogContentBrowser: Native class hierarchy updated for 'BlueprintGraph' in 0.0006 seconds. Added 121 classes and 0 folders.
[2020.04.06-21.02.05:065][312]LogAssetEditorManager: Opening Asset editor for Blueprint /Game/ThirdPersonBP/Blueprints/AI_ThirdPersonCharacter.AI_ThirdPersonCharacter
[2020.04.06-21.02.05:436][312]LogAssetEditorManager: Opening Asset editor for BehaviorTree /Game/ThirdPersonBP/Blueprints/BT_Assets/BT_EnemyAI.BT_EnemyAI
[2020.04.06-21.02.05:524][312]LogAssetEditorManager: Opening Asset editor for Blueprint /Game/ThirdPersonBP/Blueprints/AIC_ThirdPersonCharacter.AIC_ThirdPersonCharacter
[2020.04.06-21.02.05:896][312]LogAssetEditorManager: Opening Asset editor for Blueprint /Game/ThirdPersonBP/Blueprints/BT_Assets/SetCasheLocation.SetCasheLocation
[2020.04.06-21.02.06:247][312]LogAssetEditorManager: Opening Asset editor for Blueprint /Game/ThirdPersonBP/Blueprints/EQS/CasheSpawner.CasheSpawner
[2020.04.06-21.02.06:636][312]LogAssetEditorManager: Opening Asset editor for Blueprint /Game/ThirdPersonBP/Blueprints/EQS/FoodSource.FoodSource
[2020.04.06-21.02.07:005][312]LogAssetEditorManager: Opening Asset editor for Blueprint /Game/ThirdPersonBP/Blueprints/BT_Assets/Tasks/BTT_FindNavigableLocation.BTT_FindNavigableLocation
[2020.04.06-21.02.07:374][312]LogAssetEditorManager: Opening Asset editor for Blueprint /Game/ThirdPersonBP/Blueprints/BT_Assets/Tasks/setHome.setHome
[2020.04.06-21.02.07:739][312]LogSlate: Took 0.000227 seconds to synchronously load lazily loaded font '../../../Engine/Content/Slate/Fonts/Roboto-BoldCondensed.ttf' (158K)
[2020.04.06-21.02.07:775][313]LogSlate: Took 0.000260 seconds to synchronously load lazily loaded font '../../../Engine/Content/Slate/Fonts/Roboto-Italic.ttf' (157K)
[2020.04.06-21.02.23:777][775]LogActorFactory: Actor Factory created Cube
[2020.04.06-21.02.24:333][813]LogActorFactory: Actor Factory created Cube
[2020.04.06-21.02.26:587][948]LogSlate: FSceneViewport::OnFocusLost() reason 0
[2020.04.06-21.02.30:812][214]LogSlate: Window 'Select Path' being destroyed
[2020.04.06-21.02.30:823][214]LogPackageName: SearchForPackageOnDisk took   0.000s, but failed to resolve /Game/Cube_Blueprint.
[2020.04.06-21.02.30:896][214]LogUObjectHash: Compacting FUObjectHashTables data took   3.97ms
[2020.04.06-21.02.30:928][214]LogAssetEditorManager: Opening Asset editor for Blueprint /Game/Cube_Blueprint.Cube_Blueprint
[2020.04.06-21.02.31:368][215]LogRenderer: Reallocating scene render targets to support 912x568 Format 10 NumSamples 1 (Frame:1).
[2020.04.06-21.02.48:649][615]LogEditorTransaction: Undo Add New Function
[2020.04.06-21.03.17:930][ 86]BlueprintLog: New page: Compile Cube_Blueprint
[2020.04.06-21.03.18:247][ 86]LogUObjectHash: Compacting FUObjectHashTables data took   3.72ms
[2020.04.06-21.03.20:737][281]BlueprintLog: New page: Compile Cube_Blueprint
[2020.04.06-21.03.21:035][281]LogUObjectHash: Compacting FUObjectHashTables data took   3.94ms
[2020.04.06-21.03.39:904][848]BlueprintLog: New page: Compile Cube_Blueprint
[2020.04.06-21.03.40:199][848]LogUObjectHash: Compacting FUObjectHashTables data took   3.99ms
[2020.04.06-21.03.48:081][506]BlueprintLog: New page: Compile Cube_Blueprint
[2020.04.06-21.03.48:380][506]LogUObjectHash: Compacting FUObjectHashTables data took   3.79ms
[2020.04.06-21.03.50:508][683]LogSavePackage: Moving '../../../../../../Users/slaye/Documents/Unreal Projects/Introduction to AI with Blueprint/124_AI_With_BP 4.23/Saved/Cube_BlueprintA749280D4C93E8A45B671D94075AD23D.tmp' to '../../../../../../Users/slaye/Documents/Unreal Projects/Introduction to AI with Blueprint/124_AI_With_BP 4.23/Content/Cube_Blueprint.uasset'
[2020.04.06-21.03.50:513][683]LogPackageName: SearchForPackageOnDisk took   0.000s to resolve /Game/Cube_Blueprint.
[2020.04.06-21.04.21:043][324]BlueprintLog: New page: Compile Cube_Blueprint
[2020.04.06-21.04.21:338][324]LogUObjectHash: Compacting FUObjectHashTables data took   4.12ms
