Log file open, 04/06/20 17:12:01
LogWindows: Failed to load 'aqProf.dll' (GetLastError=126)
LogWindows: File 'aqProf.dll' does not exist
LogWindows: Failed to load 'VtuneApi.dll' (GetLastError=126)
LogWindows: File 'VtuneApi.dll' does not exist
LogWindows: Failed to load 'VtuneApi32e.dll' (GetLastError=126)
LogWindows: File 'VtuneApi32e.dll' does not exist
LogConsoleResponse: Display: Failed to find resolution value strings in scalability ini. Falling back to default.
LogInit: Display: Running engine for game: a124_AI_With_BP
LogPlatformFile: Not using cached read wrapper
LogTaskGraph: Started task graph with 5 named threads and 35 total threads with 3 sets of task threads.
LogStats: Stats thread started at 0.085737
LogD3D11RHI: Loaded GFSDK_Aftermath_Lib.x64.dll
LogICUInternationalization: ICU TimeZone Detection - Raw Offset: -5:00, Platform Override: ''
LogPluginManager: Mounting plugin Paper2D
LogPluginManager: Mounting plugin AISupport
LogPluginManager: Mounting plugin LightPropagationVolume
LogPluginManager: Mounting plugin ActorLayerUtilities
LogPluginManager: Mounting plugin AnimationSharing
LogPluginManager: Mounting plugin CLionSourceCodeAccess
LogPluginManager: Mounting plugin CodeLiteSourceCodeAccess
LogPluginManager: Mounting plugin GitSourceControl
LogPluginManager: Mounting plugin KDevelopSourceCodeAccess
LogPluginManager: Mounting plugin NullSourceCodeAccess
LogPluginManager: Mounting plugin PerforceSourceControl
LogPluginManager: Mounting plugin SubversionSourceControl
LogPluginManager: Mounting plugin UObjectPlugin
LogPluginManager: Mounting plugin VisualStudioCodeSourceCodeAccess
LogPluginManager: Mounting plugin VisualStudioSourceCodeAccess
LogPluginManager: Mounting plugin XCodeSourceCodeAccess
LogPluginManager: Mounting plugin AssetManagerEditor
LogPluginManager: Mounting plugin CryptoKeys
LogPluginManager: Mounting plugin CurveEditorTools
LogPluginManager: Mounting plugin DataValidation
LogPluginManager: Mounting plugin FacialAnimation
LogPluginManager: Mounting plugin GameplayTagsEditor
LogPluginManager: Mounting plugin MacGraphicsSwitching
LogPluginManager: Mounting plugin MaterialAnalyzer
LogPluginManager: Mounting plugin MobileLauncherProfileWizard
LogPluginManager: Mounting plugin PluginBrowser
LogPluginManager: Mounting plugin SpeedTreeImporter
LogPluginManager: Mounting plugin DatasmithContent
LogPluginManager: Mounting plugin VariantManagerContent
LogPluginManager: Mounting plugin AlembicImporter
LogPluginManager: Mounting plugin AutomationUtils
LogPluginManager: Mounting plugin BackChannel
LogPluginManager: Mounting plugin CharacterAI
LogPluginManager: Mounting plugin GeometryCache
LogPluginManager: Mounting plugin HTML5Networking
LogPluginManager: Mounting plugin PlatformCrypto
LogPluginManager: Mounting plugin ProxyLODPlugin
LogPluginManager: Mounting plugin SkeletalReduction
LogPluginManager: Mounting plugin MagicLeap
LogPluginManager: Mounting plugin MagicLeapMedia
LogPluginManager: Mounting plugin AndroidMedia
LogPluginManager: Mounting plugin AvfMedia
LogPluginManager: Mounting plugin ImgMedia
LogPluginManager: Mounting plugin MediaCompositing
LogPluginManager: Mounting plugin MediaPlayerEditor
LogPluginManager: Mounting plugin WebMMedia
LogPluginManager: Mounting plugin WmfMedia
LogPluginManager: Mounting plugin TcpMessaging
LogPluginManager: Mounting plugin UdpMessaging
LogPluginManager: Mounting plugin ActorSequence
LogPluginManager: Mounting plugin LevelSequenceEditor
LogPluginManager: Mounting plugin MatineeToLevelSequence
LogPluginManager: Mounting plugin NetcodeUnitTest
LogPluginManager: Mounting plugin NUTUnrealEngine4
LogPluginManager: Mounting plugin OnlineSubsystemGooglePlay
LogPluginManager: Mounting plugin OnlineSubsystemIOS
LogPluginManager: Mounting plugin OnlineSubsystem
LogPluginManager: Mounting plugin OnlineSubsystemNull
LogPluginManager: Mounting plugin OnlineSubsystemUtils
LogPluginManager: Mounting plugin LauncherChunkInstaller
LogPluginManager: Mounting plugin AndroidDeviceProfileSelector
LogPluginManager: Mounting plugin AndroidMoviePlayer
LogPluginManager: Mounting plugin AndroidPermission
LogPluginManager: Mounting plugin AppleImageUtils
LogPluginManager: Mounting plugin AppleMoviePlayer
LogPluginManager: Mounting plugin ArchVisCharacter
LogPluginManager: Mounting plugin AudioCapture
LogPluginManager: Mounting plugin CableComponent
LogPluginManager: Mounting plugin CustomMeshComponent
LogPluginManager: Mounting plugin EditableMesh
LogPluginManager: Mounting plugin ExampleDeviceProfileSelector
LogPluginManager: Mounting plugin GoogleCloudMessaging
LogPluginManager: Mounting plugin IOSDeviceProfileSelector
LogPluginManager: Mounting plugin LinuxDeviceProfileSelector
LogPluginManager: Mounting plugin LocationServicesBPLibrary
LogPluginManager: Mounting plugin MobilePatchingUtils
LogPluginManager: Mounting plugin OculusVR
LogPluginManager: Mounting plugin PhysXVehicles
LogPluginManager: Mounting plugin ProceduralMeshComponent
LogPluginManager: Mounting plugin RuntimePhysXCooking
LogPluginManager: Mounting plugin SignificanceManager
LogPluginManager: Mounting plugin SteamVR
LogPluginManager: Mounting plugin WebMMoviePlayer
LogPluginManager: Mounting plugin WindowsMoviePlayer
LogPluginManager: Mounting plugin ScreenshotTools
LogInit: Using libcurl 7.55.1-DEV
LogInit:  - built for x86_64-pc-win32
LogInit:  - supports SSL with OpenSSL/1.1.1
LogInit:  - supports HTTP deflate (compression) using libz 1.2.8
LogInit:  - other features:
LogInit:      CURL_VERSION_SSL
LogInit:      CURL_VERSION_LIBZ
LogInit:      CURL_VERSION_IPV6
LogInit:      CURL_VERSION_ASYNCHDNS
LogInit:      CURL_VERSION_LARGEFILE
LogInit:      CURL_VERSION_IDN
LogInit:  CurlRequestOptions (configurable via config and command line):
LogInit:  - bVerifyPeer = true  - Libcurl will verify peer certificate
LogInit:  - bUseHttpProxy = false  - Libcurl will NOT use HTTP proxy
LogInit:  - bDontReuseConnections = false  - Libcurl will reuse connections
LogInit:  - MaxHostConnections = 16  - Libcurl will limit the number of connections to a host
LogInit:  - LocalHostAddr = Default
LogInit:  - BufferSize = 65536
LogOnline: OSS: Creating online subsystem instance for: NULL
LogInit: WinSock: version 1.1 (2.2), MaxSocks=32767, MaxUdp=65467
LogInit: Build: ++UE4+Release-4.23-CL-9631420
LogInit: Engine Version: 4.23.1-9631420+++UE4+Release-4.23
LogInit: Compatible Engine Version: 4.23.0-8386587+++UE4+Release-4.23
LogInit: Net CL: 8386587
LogInit: OS: Windows 10 (Release 1903) (), CPU: AMD Ryzen 5 1600 Six-Core Processor            , GPU: NVIDIA GeForce GTX 1070
LogInit: Compiled (64-bit): Oct 18 2019 02:07:44
LogInit: Compiled with Visual C++: 19.16.27030.01
LogInit: Build Configuration: Development
LogInit: Branch Name: ++UE4+Release-4.23
LogInit: Command Line: 
LogInit: Base Directory: C:/Program Files/Epic Games/UE_4.23/Engine/Binaries/Win64/
LogInit: Installed Engine Build: 1
LogDevObjectVersion: Number of dev versions registered: 23
LogDevObjectVersion:   Dev-Blueprints (B0D832E4-1F89-4F0D-ACCF-7EB736FD4AA2): 10
LogDevObjectVersion:   Dev-Build (E1C64328-A22C-4D53-A36C-8E866417BD8C): 0
LogDevObjectVersion:   Dev-Core (375EC13C-06E4-48FB-B500-84F0262A717E): 3
LogDevObjectVersion:   Dev-Editor (E4B068ED-F494-42E9-A231-DA0B2E46BB41): 34
LogDevObjectVersion:   Dev-Framework (CFFC743F-43B0-4480-9391-14DF171D2073): 35
LogDevObjectVersion:   Dev-Mobile (B02B49B5-BB20-44E9-A304-32B752E40360): 2
LogDevObjectVersion:   Dev-Networking (A4E4105C-59A1-49B5-A7C5-40C4547EDFEE): 0
LogDevObjectVersion:   Dev-Online (39C831C9-5AE6-47DC-9A44-9C173E1C8E7C): 0
LogDevObjectVersion:   Dev-Physics (78F01B33-EBEA-4F98-B9B4-84EACCB95AA2): 0
LogDevObjectVersion:   Dev-Platform (6631380F-2D4D-43E0-8009-CF276956A95A): 0
LogDevObjectVersion:   Dev-Rendering (12F88B9F-8875-4AFC-A67C-D90C383ABD29): 31
LogDevObjectVersion:   Dev-Sequencer (7B5AE74C-D270-4C10-A958-57980B212A5A): 11
LogDevObjectVersion:   Dev-VR (D7296918-1DD6-4BDD-9DE2-64A83CC13884): 2
LogDevObjectVersion:   Dev-LoadTimes (C2A15278-BFE7-4AFE-6C17-90FF531DF755): 1
LogDevObjectVersion:   Private-Geometry (6EACA3D4-40EC-4CC1-B786-8BED09428FC5): 3
LogDevObjectVersion:   Dev-AnimPhys (29E575DD-E0A3-4627-9D10-D276232CDCEA): 17
LogDevObjectVersion:   Dev-Anim (AF43A65D-7FD3-4947-9873-3E8ED9C1BB05): 2
LogDevObjectVersion:   Dev-ReflectionCapture (6B266CEC-1EC7-4B8F-A30B-E4D90942FC07): 1
LogDevObjectVersion:   Dev-Automation (0DF73D61-A23F-47EA-B727-89E90C41499A): 1
LogDevObjectVersion:   FortniteMain (601D1886-AC64-4F84-AA16-D3DE0DEAC7D6): 27
LogDevObjectVersion:   Dev-Enterprise (9DFFBCD6-494F-0158-E221-12823C92A888): 6
LogDevObjectVersion:   Dev-Niagara (F2AED0AC-9AFE-416F-8664-AA7FFA26D6FC): 1
LogDevObjectVersion:   Dev-Destruction (174F1F0B-B4C6-45A5-B13F-2EE8D0FB917D): 9
LogInit: Presizing for max 16777216 objects, including 0 objects not considered by GC, pre-allocating 0 bytes for permanent pool.
LogInit: Object subsystem initialized
LogConfig: Setting CVar [[con.DebugEarlyDefault:1]]
LogConfig: Setting CVar [[r.setres:1280x720]]
[2020.04.06-21.12.01:739][  0]LogConfig: Setting CVar [[r.VSync:0]]
[2020.04.06-21.12.01:739][  0]LogConfig: Setting CVar [[r.RHICmdBypass:0]]
[2020.04.06-21.12.01:739][  0]LogConfig: Applying CVar settings from Section [/Script/Engine.RendererSettings] File [C:/Users/slaye/Documents/Unreal Projects/Introduction to AI with Blueprint/124_AI_With_BP 4.23/Saved/Config/Windows/Engine.ini]
[2020.04.06-21.12.01:739][  0]LogConfig: Setting CVar [[r.GPUCrashDebugging:0]]
[2020.04.06-21.12.01:739][  0]LogConfig: Setting CVar [[r.DefaultFeature.AntiAliasing:0]]
[2020.04.06-21.12.01:739][  0]LogConfig: Applying CVar settings from Section [/Script/Engine.RendererOverrideSettings] File [C:/Users/slaye/Documents/Unreal Projects/Introduction to AI with Blueprint/124_AI_With_BP 4.23/Saved/Config/Windows/Engine.ini]
[2020.04.06-21.12.01:739][  0]LogConfig: Applying CVar settings from Section [/Script/Engine.StreamingSettings] File [C:/Users/slaye/Documents/Unreal Projects/Introduction to AI with Blueprint/124_AI_With_BP 4.23/Saved/Config/Windows/Engine.ini]
[2020.04.06-21.12.01:739][  0]LogConfig: Setting CVar [[s.MinBulkDataSizeForAsyncLoading:131072]]
[2020.04.06-21.12.01:739][  0]LogConfig: Setting CVar [[s.AsyncLoadingThreadEnabled:0]]
[2020.04.06-21.12.01:739][  0]LogConfig: Setting CVar [[s.EventDrivenLoaderEnabled:1]]
[2020.04.06-21.12.01:740][  0]LogConfig: Setting CVar [[s.WarnIfTimeLimitExceeded:0]]
[2020.04.06-21.12.01:740][  0]LogConfig: Setting CVar [[s.TimeLimitExceededMultiplier:1.5]]
[2020.04.06-21.12.01:740][  0]LogConfig: Setting CVar [[s.TimeLimitExceededMinTime:0.005]]
[2020.04.06-21.12.01:740][  0]LogConfig: Setting CVar [[s.UseBackgroundLevelStreaming:1]]
[2020.04.06-21.12.01:740][  0]LogConfig: Setting CVar [[s.PriorityAsyncLoadingExtraTime:15.0]]
[2020.04.06-21.12.01:740][  0]LogConfig: Setting CVar [[s.LevelStreamingActorsUpdateTimeLimit:5.0]]
[2020.04.06-21.12.01:740][  0]LogConfig: Setting CVar [[s.PriorityLevelStreamingActorsUpdateExtraTime:5.0]]
[2020.04.06-21.12.01:740][  0]LogConfig: Setting CVar [[s.LevelStreamingComponentsRegistrationGranularity:10]]
[2020.04.06-21.12.01:740][  0]LogConfig: Setting CVar [[s.UnregisterComponentsTimeLimit:1.0]]
[2020.04.06-21.12.01:740][  0]LogConfig: Setting CVar [[s.LevelStreamingComponentsUnregistrationGranularity:5]]
[2020.04.06-21.12.01:740][  0]LogConfig: Applying CVar settings from Section [/Script/Engine.GarbageCollectionSettings] File [C:/Users/slaye/Documents/Unreal Projects/Introduction to AI with Blueprint/124_AI_With_BP 4.23/Saved/Config/Windows/Engine.ini]
[2020.04.06-21.12.01:740][  0]LogConfig: Setting CVar [[gc.MaxObjectsNotConsideredByGC:1]]
[2020.04.06-21.12.01:740][  0]LogConfig: Setting CVar [[gc.SizeOfPermanentObjectPool:0]]
[2020.04.06-21.12.01:740][  0]LogConfig: Setting CVar [[gc.FlushStreamingOnGC:0]]
[2020.04.06-21.12.01:740][  0]LogConfig: Setting CVar [[gc.NumRetriesBeforeForcingGC:10]]
[2020.04.06-21.12.01:740][  0]LogConfig: Setting CVar [[gc.AllowParallelGC:1]]
[2020.04.06-21.12.01:740][  0]LogConfig: Setting CVar [[gc.TimeBetweenPurgingPendingKillObjects:61.1]]
[2020.04.06-21.12.01:740][  0]LogConfig: Setting CVar [[gc.MaxObjectsInEditor:16777216]]
[2020.04.06-21.12.01:740][  0]LogConfig: Setting CVar [[gc.IncrementalBeginDestroyEnabled:1]]
[2020.04.06-21.12.01:740][  0]LogConfig: Setting CVar [[gc.CreateGCClusters:1]]
[2020.04.06-21.12.01:740][  0]LogConfig: Setting CVar [[gc.MinGCClusterSize:5]]
[2020.04.06-21.12.01:740][  0]LogConfig: Setting CVar [[gc.ActorClusteringEnabled:0]]
[2020.04.06-21.12.01:740][  0]LogConfig: Setting CVar [[gc.BlueprintClusteringEnabled:0]]
[2020.04.06-21.12.01:740][  0]LogConfig: Setting CVar [[gc.UseDisregardForGCOnDedicatedServers:0]]
[2020.04.06-21.12.01:740][  0]LogConfig: Applying CVar settings from Section [/Script/Engine.NetworkSettings] File [C:/Users/slaye/Documents/Unreal Projects/Introduction to AI with Blueprint/124_AI_With_BP 4.23/Saved/Config/Windows/Engine.ini]
[2020.04.06-21.12.01:740][  0]LogConfig: Applying CVar settings from Section [/Script/UnrealEd.CookerSettings] File [C:/Users/slaye/Documents/Unreal Projects/Introduction to AI with Blueprint/124_AI_With_BP 4.23/Saved/Config/Windows/Engine.ini]
[2020.04.06-21.12.01:746][  0]LogConfig: Applying CVar settings from Section [ViewDistanceQuality@3] File [C:/Users/slaye/Documents/Unreal Projects/Introduction to AI with Blueprint/124_AI_With_BP 4.23/Saved/Config/Windows/Scalability.ini]
[2020.04.06-21.12.01:746][  0]LogConfig: Setting CVar [[r.SkeletalMeshLODBias:0]]
[2020.04.06-21.12.01:746][  0]LogConfig: Setting CVar [[r.ViewDistanceScale:1.0]]
[2020.04.06-21.12.01:746][  0]LogConfig: Applying CVar settings from Section [AntiAliasingQuality@3] File [C:/Users/slaye/Documents/Unreal Projects/Introduction to AI with Blueprint/124_AI_With_BP 4.23/Saved/Config/Windows/Scalability.ini]
[2020.04.06-21.12.01:746][  0]LogConfig: Setting CVar [[r.PostProcessAAQuality:4]]
[2020.04.06-21.12.01:746][  0]LogConfig: Applying CVar settings from Section [ShadowQuality@3] File [C:/Users/slaye/Documents/Unreal Projects/Introduction to AI with Blueprint/124_AI_With_BP 4.23/Saved/Config/Windows/Scalability.ini]
[2020.04.06-21.12.01:746][  0]LogConfig: Setting CVar [[r.LightFunctionQuality:1]]
[2020.04.06-21.12.01:746][  0]LogConfig: Setting CVar [[r.ShadowQuality:5]]
[2020.04.06-21.12.01:746][  0]LogConfig: Setting CVar [[r.Shadow.CSM.MaxCascades:10]]
[2020.04.06-21.12.01:746][  0]LogConfig: Setting CVar [[r.Shadow.MaxResolution:2048]]
[2020.04.06-21.12.01:746][  0]LogConfig: Setting CVar [[r.Shadow.MaxCSMResolution:2048]]
[2020.04.06-21.12.01:746][  0]LogConfig: Setting CVar [[r.Shadow.RadiusThreshold:0.01]]
[2020.04.06-21.12.01:746][  0]LogConfig: Setting CVar [[r.Shadow.DistanceScale:1.0]]
[2020.04.06-21.12.01:746][  0]LogConfig: Setting CVar [[r.Shadow.CSM.TransitionScale:1.0]]
[2020.04.06-21.12.01:746][  0]LogConfig: Setting CVar [[r.Shadow.PreShadowResolutionFactor:1.0]]
[2020.04.06-21.12.01:746][  0]LogConfig: Setting CVar [[r.DistanceFieldShadowing:1]]
[2020.04.06-21.12.01:746][  0]LogConfig: Setting CVar [[r.DistanceFieldAO:1]]
[2020.04.06-21.12.01:746][  0]LogConfig: Setting CVar [[r.AOQuality:2]]
[2020.04.06-21.12.01:746][  0]LogConfig: Setting CVar [[r.VolumetricFog:1]]
[2020.04.06-21.12.01:746][  0]LogConfig: Setting CVar [[r.VolumetricFog.GridPixelSize:8]]
[2020.04.06-21.12.01:746][  0]LogConfig: Setting CVar [[r.VolumetricFog.GridSizeZ:128]]
[2020.04.06-21.12.01:746][  0]LogConfig: Setting CVar [[r.VolumetricFog.HistoryMissSupersampleCount:4]]
[2020.04.06-21.12.01:746][  0]LogConfig: Setting CVar [[r.LightMaxDrawDistanceScale:1]]
[2020.04.06-21.12.01:746][  0]LogConfig: Setting CVar [[r.CapsuleShadows:1]]
[2020.04.06-21.12.01:746][  0]LogConfig: Applying CVar settings from Section [PostProcessQuality@3] File [C:/Users/slaye/Documents/Unreal Projects/Introduction to AI with Blueprint/124_AI_With_BP 4.23/Saved/Config/Windows/Scalability.ini]
[2020.04.06-21.12.01:746][  0]LogConfig: Setting CVar [[r.MotionBlurQuality:4]]
[2020.04.06-21.12.01:746][  0]LogConfig: Setting CVar [[r.AmbientOcclusionMipLevelFactor:0.4]]
[2020.04.06-21.12.01:746][  0]LogConfig: Setting CVar [[r.AmbientOcclusionMaxQuality:100]]
[2020.04.06-21.12.01:746][  0]LogConfig: Setting CVar [[r.AmbientOcclusionLevels:-1]]
[2020.04.06-21.12.01:746][  0]LogConfig: Setting CVar [[r.AmbientOcclusionRadiusScale:1.0]]
[2020.04.06-21.12.01:746][  0]LogConfig: Setting CVar [[r.DepthOfFieldQuality:2]]
[2020.04.06-21.12.01:746][  0]LogConfig: Setting CVar [[r.RenderTargetPoolMin:400]]
[2020.04.06-21.12.01:746][  0]LogConfig: Setting CVar [[r.LensFlareQuality:2]]
[2020.04.06-21.12.01:746][  0]LogConfig: Setting CVar [[r.SceneColorFringeQuality:1]]
[2020.04.06-21.12.01:746][  0]LogConfig: Setting CVar [[r.EyeAdaptationQuality:2]]
[2020.04.06-21.12.01:746][  0]LogConfig: Setting CVar [[r.BloomQuality:5]]
[2020.04.06-21.12.01:746][  0]LogConfig: Setting CVar [[r.FastBlurThreshold:100]]
[2020.04.06-21.12.01:746][  0]LogConfig: Setting CVar [[r.Upscale.Quality:3]]
[2020.04.06-21.12.01:746][  0]LogConfig: Setting CVar [[r.Tonemapper.GrainQuantization:1]]
[2020.04.06-21.12.01:746][  0]LogConfig: Setting CVar [[r.LightShaftQuality:1]]
[2020.04.06-21.12.01:746][  0]LogConfig: Setting CVar [[r.Filter.SizeScale:1]]
[2020.04.06-21.12.01:746][  0]LogConfig: Setting CVar [[r.Tonemapper.Quality:5]]
[2020.04.06-21.12.01:746][  0]LogConfig: Setting CVar [[r.DOF.Gather.AccumulatorQuality:1        ; higher gathering accumulator quality]]
[2020.04.06-21.12.01:746][  0]LogConfig: Setting CVar [[r.DOF.Gather.PostfilterMethod:1          ; Median3x3 postfilering method]]
[2020.04.06-21.12.01:746][  0]LogConfig: Setting CVar [[r.DOF.Gather.EnableBokehSettings:0       ; no bokeh simulation when gathering]]
[2020.04.06-21.12.01:746][  0]LogConfig: Setting CVar [[r.DOF.Gather.RingCount:4                 ; medium number of samples when gathering]]
[2020.04.06-21.12.01:747][  0]LogConfig: Setting CVar [[r.DOF.Scatter.ForegroundCompositing:1    ; additive foreground scattering]]
[2020.04.06-21.12.01:747][  0]LogConfig: Setting CVar [[r.DOF.Scatter.BackgroundCompositing:2    ; additive background scattering]]
[2020.04.06-21.12.01:747][  0]LogConfig: Setting CVar [[r.DOF.Scatter.EnableBokehSettings:1      ; bokeh simulation when scattering]]
[2020.04.06-21.12.01:747][  0]LogConfig: Setting CVar [[r.DOF.Scatter.MaxSpriteRatio:0.1         ; only a maximum of 10% of scattered bokeh]]
[2020.04.06-21.12.01:747][  0]LogConfig: Setting CVar [[r.DOF.Recombine.Quality:1                ; cheap slight out of focus]]
[2020.04.06-21.12.01:747][  0]LogConfig: Setting CVar [[r.DOF.Recombine.EnableBokehSettings:0    ; no bokeh simulation on slight out of focus]]
[2020.04.06-21.12.01:747][  0]LogConfig: Setting CVar [[r.DOF.TemporalAAQuality:1                ; more stable temporal accumulation]]
[2020.04.06-21.12.01:747][  0]LogConfig: Setting CVar [[r.DOF.Kernel.MaxForegroundRadius:0.025]]
[2020.04.06-21.12.01:747][  0]LogConfig: Setting CVar [[r.DOF.Kernel.MaxBackgroundRadius:0.025]]
[2020.04.06-21.12.01:747][  0]LogConfig: Applying CVar settings from Section [TextureQuality@3] File [C:/Users/slaye/Documents/Unreal Projects/Introduction to AI with Blueprint/124_AI_With_BP 4.23/Saved/Config/Windows/Scalability.ini]
[2020.04.06-21.12.01:747][  0]LogConfig: Setting CVar [[r.Streaming.MipBias:0]]
[2020.04.06-21.12.01:747][  0]LogConfig: Setting CVar [[r.Streaming.AmortizeCPUToGPUCopy:0]]
[2020.04.06-21.12.01:747][  0]LogConfig: Setting CVar [[r.Streaming.MaxNumTexturesToStreamPerFrame:0]]
[2020.04.06-21.12.01:747][  0]LogConfig: Setting CVar [[r.Streaming.Boost:1]]
[2020.04.06-21.12.01:747][  0]LogConfig: Setting CVar [[r.MaxAnisotropy:8]]
[2020.04.06-21.12.01:747][  0]LogConfig: Setting CVar [[r.Streaming.LimitPoolSizeToVRAM:0]]
[2020.04.06-21.12.01:747][  0]LogConfig: Setting CVar [[r.Streaming.PoolSize:1000]]
[2020.04.06-21.12.01:747][  0]LogConfig: Setting CVar [[r.Streaming.MaxEffectiveScreenSize:0]]
[2020.04.06-21.12.01:747][  0]LogConfig: Applying CVar settings from Section [EffectsQuality@3] File [C:/Users/slaye/Documents/Unreal Projects/Introduction to AI with Blueprint/124_AI_With_BP 4.23/Saved/Config/Windows/Scalability.ini]
[2020.04.06-21.12.01:747][  0]LogConfig: Setting CVar [[r.TranslucencyLightingVolumeDim:64]]
[2020.04.06-21.12.01:747][  0]LogConfig: Setting CVar [[r.RefractionQuality:2]]
[2020.04.06-21.12.01:747][  0]LogConfig: Setting CVar [[r.SSR.Quality:3]]
[2020.04.06-21.12.01:747][  0]LogConfig: Setting CVar [[r.SceneColorFormat:4]]
[2020.04.06-21.12.01:747][  0]LogConfig: Setting CVar [[r.DetailMode:2]]
[2020.04.06-21.12.01:747][  0]LogConfig: Setting CVar [[r.TranslucencyVolumeBlur:1]]
[2020.04.06-21.12.01:747][  0]LogConfig: Setting CVar [[r.MaterialQualityLevel:1 ; High quality]]
[2020.04.06-21.12.01:747][  0]LogConfig: Setting CVar [[r.SSS.Scale:1]]
[2020.04.06-21.12.01:747][  0]LogConfig: Setting CVar [[r.SSS.SampleSet:2]]
[2020.04.06-21.12.01:747][  0]LogConfig: Setting CVar [[r.SSS.Quality:1]]
[2020.04.06-21.12.01:747][  0]LogConfig: Setting CVar [[r.SSS.HalfRes:1]]
[2020.04.06-21.12.01:747][  0]LogConfig: Setting CVar [[r.EmitterSpawnRateScale:1.0]]
[2020.04.06-21.12.01:747][  0]LogConfig: Setting CVar [[r.ParticleLightQuality:2]]
[2020.04.06-21.12.01:747][  0]LogConfig: Applying CVar settings from Section [FoliageQuality@3] File [C:/Users/slaye/Documents/Unreal Projects/Introduction to AI with Blueprint/124_AI_With_BP 4.23/Saved/Config/Windows/Scalability.ini]
[2020.04.06-21.12.01:747][  0]LogConfig: Setting CVar [[foliage.DensityScale:1.0]]
[2020.04.06-21.12.01:747][  0]LogConfig: Setting CVar [[grass.DensityScale:1.0]]
[2020.04.06-21.12.01:747][  0]LogInit: Selected Device Profile: [Windows]
[2020.04.06-21.12.01:747][  0]LogInit: Applying CVar settings loaded from the selected device profile: [Windows]
[2020.04.06-21.12.01:751][  0]LogHAL: Display: Platform has ~ 16 GB [17129963520 / 17179869184 / 16], which maps to Larger [LargestMinGB=32, LargerMinGB=12, DefaultMinGB=8, SmallerMinGB=6, SmallestMinGB=0)
[2020.04.06-21.12.01:751][  0]LogInit: Going up to parent DeviceProfile []
[2020.04.06-21.12.01:751][  0]LogConfig: Applying CVar settings from Section [ViewDistanceQuality@3] File [C:/Users/slaye/Documents/Unreal Projects/Introduction to AI with Blueprint/124_AI_With_BP 4.23/Saved/Config/Windows/Scalability.ini]
[2020.04.06-21.12.01:751][  0]LogConfig: Setting CVar [[r.SkeletalMeshLODBias:0]]
[2020.04.06-21.12.01:751][  0]LogConfig: Setting CVar [[r.ViewDistanceScale:1.0]]
[2020.04.06-21.12.01:751][  0]LogConfig: Applying CVar settings from Section [AntiAliasingQuality@3] File [C:/Users/slaye/Documents/Unreal Projects/Introduction to AI with Blueprint/124_AI_With_BP 4.23/Saved/Config/Windows/Scalability.ini]
[2020.04.06-21.12.01:751][  0]LogConfig: Setting CVar [[r.PostProcessAAQuality:4]]
[2020.04.06-21.12.01:751][  0]LogConfig: Applying CVar settings from Section [ShadowQuality@3] File [C:/Users/slaye/Documents/Unreal Projects/Introduction to AI with Blueprint/124_AI_With_BP 4.23/Saved/Config/Windows/Scalability.ini]
[2020.04.06-21.12.01:751][  0]LogConfig: Setting CVar [[r.LightFunctionQuality:1]]
[2020.04.06-21.12.01:751][  0]LogConfig: Setting CVar [[r.ShadowQuality:5]]
[2020.04.06-21.12.01:751][  0]LogConfig: Setting CVar [[r.Shadow.CSM.MaxCascades:10]]
[2020.04.06-21.12.01:751][  0]LogConfig: Setting CVar [[r.Shadow.MaxResolution:2048]]
[2020.04.06-21.12.01:751][  0]LogConfig: Setting CVar [[r.Shadow.MaxCSMResolution:2048]]
[2020.04.06-21.12.01:751][  0]LogConfig: Setting CVar [[r.Shadow.RadiusThreshold:0.01]]
[2020.04.06-21.12.01:751][  0]LogConfig: Setting CVar [[r.Shadow.DistanceScale:1.0]]
[2020.04.06-21.12.01:751][  0]LogConfig: Setting CVar [[r.Shadow.CSM.TransitionScale:1.0]]
[2020.04.06-21.12.01:751][  0]LogConfig: Setting CVar [[r.Shadow.PreShadowResolutionFactor:1.0]]
[2020.04.06-21.12.01:751][  0]LogConfig: Setting CVar [[r.DistanceFieldShadowing:1]]
[2020.04.06-21.12.01:751][  0]LogConfig: Setting CVar [[r.DistanceFieldAO:1]]
[2020.04.06-21.12.01:751][  0]LogConfig: Setting CVar [[r.AOQuality:2]]
[2020.04.06-21.12.01:751][  0]LogConfig: Setting CVar [[r.VolumetricFog:1]]
[2020.04.06-21.12.01:751][  0]LogConfig: Setting CVar [[r.VolumetricFog.GridPixelSize:8]]
[2020.04.06-21.12.01:751][  0]LogConfig: Setting CVar [[r.VolumetricFog.GridSizeZ:128]]
[2020.04.06-21.12.01:751][  0]LogConfig: Setting CVar [[r.VolumetricFog.HistoryMissSupersampleCount:4]]
[2020.04.06-21.12.01:751][  0]LogConfig: Setting CVar [[r.LightMaxDrawDistanceScale:1]]
[2020.04.06-21.12.01:751][  0]LogConfig: Setting CVar [[r.CapsuleShadows:1]]
[2020.04.06-21.12.01:751][  0]LogConfig: Applying CVar settings from Section [PostProcessQuality@3] File [C:/Users/slaye/Documents/Unreal Projects/Introduction to AI with Blueprint/124_AI_With_BP 4.23/Saved/Config/Windows/Scalability.ini]
[2020.04.06-21.12.01:751][  0]LogConfig: Setting CVar [[r.MotionBlurQuality:4]]
[2020.04.06-21.12.01:751][  0]LogConfig: Setting CVar [[r.AmbientOcclusionMipLevelFactor:0.4]]
[2020.04.06-21.12.01:751][  0]LogConfig: Setting CVar [[r.AmbientOcclusionMaxQuality:100]]
[2020.04.06-21.12.01:751][  0]LogConfig: Setting CVar [[r.AmbientOcclusionLevels:-1]]
[2020.04.06-21.12.01:751][  0]LogConfig: Setting CVar [[r.AmbientOcclusionRadiusScale:1.0]]
[2020.04.06-21.12.01:751][  0]LogConfig: Setting CVar [[r.DepthOfFieldQuality:2]]
[2020.04.06-21.12.01:751][  0]LogConfig: Setting CVar [[r.RenderTargetPoolMin:400]]
[2020.04.06-21.12.01:751][  0]LogConfig: Setting CVar [[r.LensFlareQuality:2]]
[2020.04.06-21.12.01:751][  0]LogConfig: Setting CVar [[r.SceneColorFringeQuality:1]]
[2020.04.06-21.12.01:751][  0]LogConfig: Setting CVar [[r.EyeAdaptationQuality:2]]
[2020.04.06-21.12.01:751][  0]LogConfig: Setting CVar [[r.BloomQuality:5]]
[2020.04.06-21.12.01:751][  0]LogConfig: Setting CVar [[r.FastBlurThreshold:100]]
[2020.04.06-21.12.01:751][  0]LogConfig: Setting CVar [[r.Upscale.Quality:3]]
[2020.04.06-21.12.01:751][  0]LogConfig: Setting CVar [[r.Tonemapper.GrainQuantization:1]]
[2020.04.06-21.12.01:751][  0]LogConfig: Setting CVar [[r.LightShaftQuality:1]]
[2020.04.06-21.12.01:751][  0]LogConfig: Setting CVar [[r.Filter.SizeScale:1]]
[2020.04.06-21.12.01:751][  0]LogConfig: Setting CVar [[r.Tonemapper.Quality:5]]
[2020.04.06-21.12.01:751][  0]LogConfig: Setting CVar [[r.DOF.Gather.AccumulatorQuality:1        ; higher gathering accumulator quality]]
[2020.04.06-21.12.01:751][  0]LogConfig: Setting CVar [[r.DOF.Gather.PostfilterMethod:1          ; Median3x3 postfilering method]]
[2020.04.06-21.12.01:751][  0]LogConfig: Setting CVar [[r.DOF.Gather.EnableBokehSettings:0       ; no bokeh simulation when gathering]]
[2020.04.06-21.12.01:751][  0]LogConfig: Setting CVar [[r.DOF.Gather.RingCount:4                 ; medium number of samples when gathering]]
[2020.04.06-21.12.01:752][  0]LogConfig: Setting CVar [[r.DOF.Scatter.ForegroundCompositing:1    ; additive foreground scattering]]
[2020.04.06-21.12.01:752][  0]LogConfig: Setting CVar [[r.DOF.Scatter.BackgroundCompositing:2    ; additive background scattering]]
[2020.04.06-21.12.01:752][  0]LogConfig: Setting CVar [[r.DOF.Scatter.EnableBokehSettings:1      ; bokeh simulation when scattering]]
[2020.04.06-21.12.01:752][  0]LogConfig: Setting CVar [[r.DOF.Scatter.MaxSpriteRatio:0.1         ; only a maximum of 10% of scattered bokeh]]
[2020.04.06-21.12.01:752][  0]LogConfig: Setting CVar [[r.DOF.Recombine.Quality:1                ; cheap slight out of focus]]
[2020.04.06-21.12.01:752][  0]LogConfig: Setting CVar [[r.DOF.Recombine.EnableBokehSettings:0    ; no bokeh simulation on slight out of focus]]
[2020.04.06-21.12.01:752][  0]LogConfig: Setting CVar [[r.DOF.TemporalAAQuality:1                ; more stable temporal accumulation]]
[2020.04.06-21.12.01:752][  0]LogConfig: Setting CVar [[r.DOF.Kernel.MaxForegroundRadius:0.025]]
[2020.04.06-21.12.01:752][  0]LogConfig: Setting CVar [[r.DOF.Kernel.MaxBackgroundRadius:0.025]]
[2020.04.06-21.12.01:752][  0]LogConfig: Applying CVar settings from Section [TextureQuality@3] File [C:/Users/slaye/Documents/Unreal Projects/Introduction to AI with Blueprint/124_AI_With_BP 4.23/Saved/Config/Windows/Scalability.ini]
[2020.04.06-21.12.01:752][  0]LogConfig: Setting CVar [[r.Streaming.MipBias:0]]
[2020.04.06-21.12.01:752][  0]LogConfig: Setting CVar [[r.Streaming.AmortizeCPUToGPUCopy:0]]
[2020.04.06-21.12.01:752][  0]LogConfig: Setting CVar [[r.Streaming.MaxNumTexturesToStreamPerFrame:0]]
[2020.04.06-21.12.01:752][  0]LogConfig: Setting CVar [[r.Streaming.Boost:1]]
[2020.04.06-21.12.01:752][  0]LogConfig: Setting CVar [[r.MaxAnisotropy:8]]
[2020.04.06-21.12.01:752][  0]LogConfig: Setting CVar [[r.Streaming.LimitPoolSizeToVRAM:0]]
[2020.04.06-21.12.01:752][  0]LogConfig: Setting CVar [[r.Streaming.PoolSize:1000]]
[2020.04.06-21.12.01:752][  0]LogConfig: Setting CVar [[r.Streaming.MaxEffectiveScreenSize:0]]
[2020.04.06-21.12.01:752][  0]LogConfig: Applying CVar settings from Section [EffectsQuality@3] File [C:/Users/slaye/Documents/Unreal Projects/Introduction to AI with Blueprint/124_AI_With_BP 4.23/Saved/Config/Windows/Scalability.ini]
[2020.04.06-21.12.01:752][  0]LogConfig: Setting CVar [[r.TranslucencyLightingVolumeDim:64]]
[2020.04.06-21.12.01:752][  0]LogConfig: Setting CVar [[r.RefractionQuality:2]]
[2020.04.06-21.12.01:752][  0]LogConfig: Setting CVar [[r.SSR.Quality:3]]
[2020.04.06-21.12.01:752][  0]LogConfig: Setting CVar [[r.SceneColorFormat:4]]
[2020.04.06-21.12.01:752][  0]LogConfig: Setting CVar [[r.DetailMode:2]]
[2020.04.06-21.12.01:752][  0]LogConfig: Setting CVar [[r.TranslucencyVolumeBlur:1]]
[2020.04.06-21.12.01:752][  0]LogConfig: Setting CVar [[r.MaterialQualityLevel:1 ; High quality]]
[2020.04.06-21.12.01:752][  0]LogConfig: Setting CVar [[r.SSS.Scale:1]]
[2020.04.06-21.12.01:752][  0]LogConfig: Setting CVar [[r.SSS.SampleSet:2]]
[2020.04.06-21.12.01:752][  0]LogConfig: Setting CVar [[r.SSS.Quality:1]]
[2020.04.06-21.12.01:752][  0]LogConfig: Setting CVar [[r.SSS.HalfRes:1]]
[2020.04.06-21.12.01:752][  0]LogConfig: Setting CVar [[r.EmitterSpawnRateScale:1.0]]
[2020.04.06-21.12.01:752][  0]LogConfig: Setting CVar [[r.ParticleLightQuality:2]]
[2020.04.06-21.12.01:752][  0]LogConfig: Applying CVar settings from Section [FoliageQuality@3] File [C:/Users/slaye/Documents/Unreal Projects/Introduction to AI with Blueprint/124_AI_With_BP 4.23/Saved/Config/Windows/Scalability.ini]
[2020.04.06-21.12.01:752][  0]LogConfig: Setting CVar [[foliage.DensityScale:1.0]]
[2020.04.06-21.12.01:752][  0]LogConfig: Setting CVar [[grass.DensityScale:1.0]]
[2020.04.06-21.12.01:752][  0]LogConfig: Applying CVar settings from Section [Startup] File [../../../Engine/Config/ConsoleVariables.ini]
[2020.04.06-21.12.01:752][  0]LogConfig: Setting CVar [[net.UseAdaptiveNetUpdateFrequency:0]]
[2020.04.06-21.12.01:752][  0]LogConfig: Setting CVar [[p.chaos.AllowCreatePhysxBodies:1]]
[2020.04.06-21.12.01:752][  0]LogConfig: Applying CVar settings from Section [ConsoleVariables] File [C:/Users/slaye/Documents/Unreal Projects/Introduction to AI with Blueprint/124_AI_With_BP 4.23/Saved/Config/Windows/Engine.ini]
[2020.04.06-21.12.01:752][  0]LogInit: Computer: DESKTOP-PF5O14V
[2020.04.06-21.12.01:752][  0]LogInit: User: slaye
[2020.04.06-21.12.01:752][  0]LogInit: CPU Page size=4096, Cores=6
[2020.04.06-21.12.01:752][  0]LogInit: High frequency timer resolution =10.000000 MHz
[2020.04.06-21.12.01:753][  0]LogMemory: Memory total: Physical=16.0GB (16GB approx)
[2020.04.06-21.12.01:753][  0]LogMemory: Platform Memory Stats for Windows
[2020.04.06-21.12.01:753][  0]LogMemory: Process Physical Memory: 102.62 MB used, 102.62 MB peak
[2020.04.06-21.12.01:753][  0]LogMemory: Process Virtual Memory: 99.91 MB used, 99.91 MB peak
[2020.04.06-21.12.01:753][  0]LogMemory: Physical Memory: 5047.41 MB used,  11288.99 MB free, 16336.41 MB total
[2020.04.06-21.12.01:753][  0]LogMemory: Virtual Memory: 4685.15 MB used,  134213040.00 MB free, 134217728.00 MB total
[2020.04.06-21.12.01:757][  0]LogWindows: WindowsPlatformFeatures enabled
[2020.04.06-21.12.01:790][  0]LogInit: Using OS detected language (en-US).
[2020.04.06-21.12.01:790][  0]LogInit: Using OS detected locale (en-US).
[2020.04.06-21.12.01:791][  0]LogTextLocalizationManager: No specific localization for 'en-US' exists, so the 'en' localization will be used.
[2020.04.06-21.12.01:966][  0]LogInit: Setting process to per monitor DPI aware
[2020.04.06-21.12.02:013][  0]LogSlate: New Slate User Created.  User Index 0, Is Virtual User: 0
[2020.04.06-21.12.02:013][  0]LogSlate: Slate User Registered.  User Index 0, Is Virtual User: 0
[2020.04.06-21.12.02:197][  0]LogHMD: Failed to initialize OpenVR with code 110
[2020.04.06-21.12.02:197][  0]LogD3D11RHI: D3D11 adapters:
[2020.04.06-21.12.02:308][  0]LogD3D11RHI:    0. 'NVIDIA GeForce GTX 1070' (Feature Level 11_0)
[2020.04.06-21.12.02:308][  0]LogD3D11RHI:       8088/0/8168 MB DedicatedVideo/DedicatedSystem/SharedSystem, Outputs:2, VendorId:0x10de
[2020.04.06-21.12.02:316][  0]LogD3D11RHI:    1. 'Microsoft Basic Render Driver' (Feature Level 11_0)
[2020.04.06-21.12.02:316][  0]LogD3D11RHI:       0/0/8168 MB DedicatedVideo/DedicatedSystem/SharedSystem, Outputs:0, VendorId:0x1414
[2020.04.06-21.12.02:316][  0]LogD3D11RHI: Chosen D3D11 Adapter: 0
[2020.04.06-21.12.02:329][  0]LogD3D11RHI: Creating new Direct3DDevice
[2020.04.06-21.12.02:329][  0]LogD3D11RHI:     GPU DeviceId: 0x1b81 (for the marketing name, search the web for "GPU Device Id")
[2020.04.06-21.12.02:329][  0]LogWindows: EnumDisplayDevices:
[2020.04.06-21.12.02:329][  0]LogWindows:    0. 'NVIDIA GeForce GTX 1070' (P:0 D:1)
[2020.04.06-21.12.02:329][  0]LogWindows:    1. 'NVIDIA GeForce GTX 1070' (P:1 D:1)
[2020.04.06-21.12.02:330][  0]LogWindows:    2. 'NVIDIA GeForce GTX 1070' (P:0 D:0)
[2020.04.06-21.12.02:330][  0]LogWindows:    3. 'NVIDIA GeForce GTX 1070' (P:0 D:0)
[2020.04.06-21.12.02:331][  0]LogWindows: DebugString: FoundDriverCount:4 
[2020.04.06-21.12.02:331][  0]LogD3D11RHI:     Adapter Name: NVIDIA GeForce GTX 1070
[2020.04.06-21.12.02:331][  0]LogD3D11RHI:   Driver Version: 441.41 (internal:26.21.14.4141, unified:441.41)
[2020.04.06-21.12.02:331][  0]LogD3D11RHI:      Driver Date: 11-20-2019
[2020.04.06-21.12.02:331][  0]LogRHI: Texture pool is 5661 MB (70% of 8088 MB)
[2020.04.06-21.12.02:386][  0]LogD3D11RHI: Async texture creation enabled
[2020.04.06-21.12.02:403][  0]LogD3D11RHI: GPU Timing Frequency: 1000.000000 (Debug: 2 1)
[2020.04.06-21.12.02:743][  0]LogTemp: Display: Module 'AllDesktopTargetPlatform' loaded TargetPlatform 'AllDesktop'
[2020.04.06-21.12.02:755][  0]LogTemp: Display: Module 'MacClientTargetPlatform' loaded TargetPlatform 'MacClient'
[2020.04.06-21.12.02:766][  0]LogTemp: Display: Module 'MacNoEditorTargetPlatform' loaded TargetPlatform 'MacNoEditor'
[2020.04.06-21.12.02:778][  0]LogTemp: Display: Module 'MacServerTargetPlatform' loaded TargetPlatform 'MacServer'
[2020.04.06-21.12.02:790][  0]LogTemp: Display: Module 'MacTargetPlatform' loaded TargetPlatform 'Mac'
[2020.04.06-21.12.02:801][  0]LogTemp: Display: Module 'WindowsClientTargetPlatform' loaded TargetPlatform 'WindowsClient'
[2020.04.06-21.12.02:813][  0]LogTemp: Display: Module 'WindowsNoEditorTargetPlatform' loaded TargetPlatform 'WindowsNoEditor'
[2020.04.06-21.12.02:824][  0]LogTemp: Display: Module 'WindowsServerTargetPlatform' loaded TargetPlatform 'WindowsServer'
[2020.04.06-21.12.02:831][  0]LogTemp: Display: Module 'WindowsTargetPlatform' loaded TargetPlatform 'Windows'
[2020.04.06-21.12.02:869][  0]LogTemp: Display: Module 'AndroidTargetPlatform' loaded TargetPlatform 'Android'
[2020.04.06-21.12.02:869][  0]LogTemp: Display: Module 'AndroidTargetPlatform' loaded TargetPlatform 'Android_ASTC'
[2020.04.06-21.12.02:869][  0]LogTemp: Display: Module 'AndroidTargetPlatform' loaded TargetPlatform 'Android_ATC'
[2020.04.06-21.12.02:869][  0]LogTemp: Display: Module 'AndroidTargetPlatform' loaded TargetPlatform 'Android_DXT'
[2020.04.06-21.12.02:869][  0]LogTemp: Display: Module 'AndroidTargetPlatform' loaded TargetPlatform 'Android_ETC1'
[2020.04.06-21.12.02:869][  0]LogTemp: Display: Module 'AndroidTargetPlatform' loaded TargetPlatform 'Android_ETC1a'
[2020.04.06-21.12.02:869][  0]LogTemp: Display: Module 'AndroidTargetPlatform' loaded TargetPlatform 'Android_ETC2'
[2020.04.06-21.12.02:869][  0]LogTemp: Display: Module 'AndroidTargetPlatform' loaded TargetPlatform 'Android_PVRTC'
[2020.04.06-21.12.02:869][  0]LogTemp: Display: Module 'AndroidTargetPlatform' loaded TargetPlatform 'AndroidClient'
[2020.04.06-21.12.02:869][  0]LogTemp: Display: Module 'AndroidTargetPlatform' loaded TargetPlatform 'Android_ASTCClient'
[2020.04.06-21.12.02:869][  0]LogTemp: Display: Module 'AndroidTargetPlatform' loaded TargetPlatform 'Android_ATCClient'
[2020.04.06-21.12.02:869][  0]LogTemp: Display: Module 'AndroidTargetPlatform' loaded TargetPlatform 'Android_DXTClient'
[2020.04.06-21.12.02:869][  0]LogTemp: Display: Module 'AndroidTargetPlatform' loaded TargetPlatform 'Android_ETC1Client'
[2020.04.06-21.12.02:869][  0]LogTemp: Display: Module 'AndroidTargetPlatform' loaded TargetPlatform 'Android_ETC1aClient'
[2020.04.06-21.12.02:869][  0]LogTemp: Display: Module 'AndroidTargetPlatform' loaded TargetPlatform 'Android_ETC2Client'
[2020.04.06-21.12.02:869][  0]LogTemp: Display: Module 'AndroidTargetPlatform' loaded TargetPlatform 'Android_PVRTCClient'
[2020.04.06-21.12.02:869][  0]LogTemp: Display: Module 'AndroidTargetPlatform' loaded TargetPlatform 'Android_Multi'
[2020.04.06-21.12.02:869][  0]LogTemp: Display: Module 'AndroidTargetPlatform' loaded TargetPlatform 'Android_MultiClient'
[2020.04.06-21.12.02:872][  0]LogTemp: Display: Module 'HTML5TargetPlatform' loaded TargetPlatform 'HTML5'
[2020.04.06-21.12.02:895][  0]LogTemp: Display: Module 'IOSTargetPlatform' loaded TargetPlatform 'IOSClient'
[2020.04.06-21.12.02:895][  0]LogTemp: Display: Module 'IOSTargetPlatform' loaded TargetPlatform 'IOS'
[2020.04.06-21.12.02:913][  0]LogTemp: Display: Module 'TVOSTargetPlatform' loaded TargetPlatform 'TVOSClient'
[2020.04.06-21.12.02:913][  0]LogTemp: Display: Module 'TVOSTargetPlatform' loaded TargetPlatform 'TVOS'
[2020.04.06-21.12.02:922][  0]LogTemp: Display: Module 'LinuxClientTargetPlatform' loaded TargetPlatform 'LinuxClient'
[2020.04.06-21.12.02:931][  0]LogTemp: Display: Module 'LinuxNoEditorTargetPlatform' loaded TargetPlatform 'LinuxNoEditor'
[2020.04.06-21.12.02:940][  0]LogTemp: Display: Module 'LinuxServerTargetPlatform' loaded TargetPlatform 'LinuxServer'
[2020.04.06-21.12.02:950][  0]LogTemp: Display: Module 'LinuxTargetPlatform' loaded TargetPlatform 'Linux'
[2020.04.06-21.12.02:981][  0]LogTemp: Display: Module 'LuminTargetPlatform' loaded TargetPlatform 'Lumin'
[2020.04.06-21.12.02:982][  0]LogTemp: Display: Module 'LuminTargetPlatform' loaded TargetPlatform 'LuminClient'
[2020.04.06-21.12.02:982][  0]LogTargetPlatformManager: Display: Building Assets For Windows
[2020.04.06-21.12.02:995][  0]LogAudioDebug: Display: Lib vorbis DLL was dynamically loaded.
[2020.04.06-21.12.03:069][  0]LogShaderCompilers: Guid format shader working directory is -64 characters bigger than the processId version (../../../../../../Users/slaye/Documents/Unreal Projects/Introduction to AI with Blueprint/124_AI_With_BP 4.23/Intermediate/Shaders/WorkingDirectory/31588/).
[2020.04.06-21.12.03:070][  0]LogShaderCompilers: Cleaned the shader compiler working directory 'C:/Users/slaye/AppData/Local/Temp/UnrealShaderWorkingDir/51B4FBA54B5622715236C58F6653638B/'.
[2020.04.06-21.12.03:073][  0]LogXGEController: Cannot use XGE Controller as Incredibuild is not installed on this machine.
[2020.04.06-21.12.03:073][  0]LogShaderCompilers: Cannot use XGE Shader Compiler as Incredibuild is not installed on this machine.
[2020.04.06-21.12.03:073][  0]LogShaderCompilers: Display: Using Local Shader Compiler.
[2020.04.06-21.12.03:755][  0]LogDerivedDataCache: Display: Max Cache Size: 512 MB
[2020.04.06-21.12.03:802][  0]LogDerivedDataCache: Loaded boot cache 0.05s 73MB C:/Users/slaye/AppData/Local/UnrealEngine/4.23/DerivedDataCache/Boot.ddc.
[2020.04.06-21.12.03:802][  0]LogDerivedDataCache: Display: Loaded Boot cache: C:/Users/slaye/AppData/Local/UnrealEngine/4.23/DerivedDataCache/Boot.ddc
[2020.04.06-21.12.03:802][  0]LogDerivedDataCache: FDerivedDataBackendGraph:  Pak pak cache file ../../../../../../Users/slaye/Documents/Unreal Projects/Introduction to AI with Blueprint/124_AI_With_BP 4.23/DerivedDataCache/DDC.ddp not found, will not use a pak cache.
[2020.04.06-21.12.03:802][  0]LogDerivedDataCache: Unable to find inner node Pak for hierarchical cache Hierarchy.
[2020.04.06-21.12.03:802][  0]LogDerivedDataCache: FDerivedDataBackendGraph:  CompressedPak pak cache file ../../../../../../Users/slaye/Documents/Unreal Projects/Introduction to AI with Blueprint/124_AI_With_BP 4.23/DerivedDataCache/Compressed.ddp not found, will not use a pak cache.
[2020.04.06-21.12.03:802][  0]LogDerivedDataCache: Unable to find inner node CompressedPak for hierarchical cache Hierarchy.
[2020.04.06-21.12.03:815][  0]LogDerivedDataCache: Display: Pak cache opened for reading ../../../Engine/DerivedDataCache/Compressed.ddp.
[2020.04.06-21.12.03:815][  0]LogDerivedDataCache: FDerivedDataBackendGraph:  EnterprisePak pak cache file ../../../Enterprise/DerivedDataCache/Compressed.ddp not found, will not use a pak cache.
[2020.04.06-21.12.03:815][  0]LogDerivedDataCache: Unable to find inner node EnterprisePak for hierarchical cache Hierarchy.
[2020.04.06-21.12.03:817][  0]LogDerivedDataCache: Using Local data cache path C:/Users/slaye/AppData/Local/UnrealEngine/Common/DerivedDataCache: Writable
[2020.04.06-21.12.03:817][  0]LogDerivedDataCache: Shared data cache path not found in *engine.ini, will not use an Shared cache.
[2020.04.06-21.12.03:817][  0]LogDerivedDataCache: Unable to find inner node Shared for hierarchical cache Hierarchy.
[2020.04.06-21.12.03:840][  0]LogMaterial: Verifying Global Shaders for PCD3D_SM5
[2020.04.06-21.12.03:844][  0]LogSlate: Using FreeType 2.6.0
[2020.04.06-21.12.03:844][  0]LogSlate: SlateFontServices - WITH_FREETYPE: 1, WITH_HARFBUZZ: 1
[2020.04.06-21.12.03:906][  0]LogAssetRegistry: FAssetRegistry took 0.0031 seconds to start up
[2020.04.06-21.12.04:227][  0]LogInit: Selected Device Profile: [Windows]
[2020.04.06-21.12.04:393][  0]LogMeshReduction: Using QuadricMeshReduction for automatic static mesh reduction
[2020.04.06-21.12.04:393][  0]LogMeshReduction: Using SimplygonMeshReduction for automatic skeletal mesh reduction
[2020.04.06-21.12.04:393][  0]LogMeshReduction: Using ProxyLODMeshReduction for automatic mesh merging
[2020.04.06-21.12.04:393][  0]LogMeshReduction: No distributed automatic mesh merging module available
[2020.04.06-21.12.04:393][  0]LogMeshMerging: No distributed automatic mesh merging module available
[2020.04.06-21.12.04:404][  0]LogNetVersion: a124_AI_With_BP 1.0.0, NetCL: 8386587, EngineNetVer: 11, GameNetVer: 0 (Checksum: 662097081)
[2020.04.06-21.12.04:846][  0]LogPackageLocalizationCache: Processed 12 localized package path(s) for 1 prioritized culture(s) in 0.050148 seconds
[2020.04.06-21.12.04:855][  0]LogUObjectArray: 43444 objects as part of root set at end of initial load.
[2020.04.06-21.12.04:855][  0]LogUObjectAllocator: 7548648 out of 0 bytes used by permanent object pool.
[2020.04.06-21.12.04:855][  0]LogUObjectArray: CloseDisregardForGC: 0/0 objects in disregard for GC pool
[2020.04.06-21.12.05:838][  0]LogTcpMessaging: Initializing TcpMessaging bridge
[2020.04.06-21.12.05:842][  0]LogUdpMessaging: Initializing bridge on interface 0.0.0.0:0 to multicast group 230.0.0.1:6666.
[2020.04.06-21.12.05:916][  0]SourceControl: Source control is disabled
[2020.04.06-21.12.05:916][  0]SourceControl: Source control is disabled
[2020.04.06-21.12.05:918][  0]SourceControl: Source control is disabled
[2020.04.06-21.12.05:920][  0]SourceControl: Source control is disabled
[2020.04.06-21.12.06:049][  0]LogAndroidPermission: UAndroidPermissionCallbackProxy::GetInstance
[2020.04.06-21.12.06:205][  0]LogOcInput: OculusInput pre-init called
[2020.04.06-21.12.06:215][  0]LogWindows: Failed to load 'OVRPlugin.dll' (GetLastError=126)
[2020.04.06-21.12.06:215][  0]LogWindows: File 'OVRPlugin.dll' does not exist
[2020.04.06-21.12.06:300][  0]LogEngine: Initializing Engine...
[2020.04.06-21.12.06:301][  0]LogHMD: Failed to initialize OpenVR with code 110
[2020.04.06-21.12.06:303][  0]LogStats: UGameplayTagsManager::InitializeManager -  0.000 s
[2020.04.06-21.12.06:554][  0]LogInit: Initializing FReadOnlyCVARCache
[2020.04.06-21.12.06:571][  0]LogAIModule: Creating AISystem for world Untitled
[2020.04.06-21.12.06:599][  0]LogInit: XAudio2 using 'Headset Earphone (ASTRO Wireless Transmitter )' : 2 channels at 48 kHz using 16 bits per sample (channel mask 0x3)
[2020.04.06-21.12.06:623][  0]LogInit: FAudioDevice initialized.
[2020.04.06-21.12.06:623][  0]LogNetVersion: Set ProjectVersion to 1.0.0.0. Version Checksum will be recalculated on next use.
[2020.04.06-21.12.06:969][  0]LogDerivedDataCache: Saved boot cache 0.35s 73MB C:/Users/slaye/AppData/Local/UnrealEngine/4.23/DerivedDataCache/Boot.ddc.
[2020.04.06-21.12.06:970][  0]LogInit: Texture streaming: Enabled
[2020.04.06-21.12.06:999][  0]LogEngineSessionManager: EngineSessionManager initialized
[2020.04.06-21.12.06:999][  0]LogEditorSessionSummary: Verbose: Initializing EditorSessionSummaryWriter for editor session tracking
[2020.04.06-21.12.07:001][  0]LogEditorSessionSummary: EditorSessionSummaryWriter initialized
[2020.04.06-21.12.07:062][  0]LogInit: Transaction tracking system initialized
[2020.04.06-21.12.07:112][  0]BlueprintLog: New page: Editor Load
[2020.04.06-21.12.07:221][  0]LocalizationService: Localization service is disabled
[2020.04.06-21.12.07:289][  0]LogLinker: Warning: Failed to load '/Game/FirstPersonBP/FirstPersonOverview': Can't find file.
[2020.04.06-21.12.07:290][  0]LogLinker: Warning: Failed to load '/Game/FirstPersonBP/FirstPersonOverview': Can't find file.
[2020.04.06-21.12.07:290][  0]LogUObjectGlobals: Warning: Failed to find object 'Class /Game/FirstPersonBP/FirstPersonOverview.FirstPersonOverview_C'
[2020.04.06-21.12.07:519][  0]LogFileCache: Scanning file cache for directory 'C:/Users/slaye/Documents/Unreal Projects/Introduction to AI with Blueprint/124_AI_With_BP 4.23/Content/' took 0.01s
[2020.04.06-21.12.07:519][  0]LogCook: Display: Max memory allowance for cook 16384mb min free memory 0mb
[2020.04.06-21.12.07:519][  0]LogCook: Display: Mobile HDR setting 1
[2020.04.06-21.12.07:776][  0]SourceControl: Source control is disabled
[2020.04.06-21.12.07:777][  0]LightingResults: New page: Lighting Build
[2020.04.06-21.12.07:780][  0]LogWorld: UWorld::CleanupWorld for Untitled, bSessionEnded=true, bCleanupResources=true
[2020.04.06-21.12.07:780][  0]MapCheck: New page: Map Check
[2020.04.06-21.12.07:780][  0]LightingResults: New page: Lighting Build
[2020.04.06-21.12.07:819][  0]LogUObjectHash: Compacting FUObjectHashTables data took   1.89ms
[2020.04.06-21.12.08:149][  0]LogAIModule: Creating AISystem for world ThirdPersonExampleMap
[2020.04.06-21.12.08:157][  0]LogEditorServer: Finished looking for orphan Actors (0.000 secs)
[2020.04.06-21.12.08:198][  0]LogUObjectHash: Compacting FUObjectHashTables data took   2.53ms
[2020.04.06-21.12.08:199][  0]Cmd: MAP CHECKDEP NOCLEARLOG
[2020.04.06-21.12.08:199][  0]MapCheck: Map check complete: 0 Error(s), 0 Warning(s), took 0.233ms to complete.
[2020.04.06-21.12.08:199][  0]LogFileHelpers: Loading map 'ThirdPersonExampleMap' took 0.422
[2020.04.06-21.12.08:324][  0]LogSlate: Updating window title bar state: overlay mode, drag disabled, window buttons hidden, title bar hidden
[2020.04.06-21.12.08:332][  0]LogSlate: Updating window title bar state: overlay mode, drag disabled, window buttons hidden, title bar hidden
[2020.04.06-21.12.08:340][  0]LogSlate: Updating window title bar state: overlay mode, drag disabled, window buttons hidden, title bar hidden
[2020.04.06-21.12.08:348][  0]LogSlate: Updating window title bar state: overlay mode, drag disabled, window buttons hidden, title bar hidden
[2020.04.06-21.12.08:356][  0]LogCollectionManager: Loaded 0 collections in 0.002370 seconds
[2020.04.06-21.12.08:365][  0]LogFileCache: Scanning file cache for directory 'C:/Users/slaye/Documents/Unreal Projects/Introduction to AI with Blueprint/124_AI_With_BP 4.23/Saved/Collections/' took 0.00s
[2020.04.06-21.12.08:365][  0]LogFileCache: Scanning file cache for directory 'C:/Users/slaye/Documents/Unreal Projects/Introduction to AI with Blueprint/124_AI_With_BP 4.23/Content/Developers/slaye/Collections/' took 0.00s
[2020.04.06-21.12.08:365][  0]LogFileCache: Scanning file cache for directory 'C:/Users/slaye/Documents/Unreal Projects/Introduction to AI with Blueprint/124_AI_With_BP 4.23/Content/Collections/' took 0.00s
[2020.04.06-21.12.08:365][  0]LogCollectionManager: Rebuilt the GUID cache for 0 collections in 0.000002 seconds
[2020.04.06-21.12.08:375][  0]LogContentBrowser: Native class hierarchy populated in 0.0099 seconds. Added 2870 classes and 682 folders.
[2020.04.06-21.12.08:383][  0]LogContentBrowser: Native class hierarchy updated for 'WidgetCarousel' in 0.0002 seconds. Added 0 classes and 0 folders.
[2020.04.06-21.12.08:433][  0]LogContentBrowser: Native class hierarchy updated for 'AddContentDialog' in 0.0003 seconds. Added 0 classes and 0 folders.
[2020.04.06-21.12.08:440][  0]LogContentBrowser: Native class hierarchy updated for 'SceneOutliner' in 0.0003 seconds. Added 1 classes and 2 folders.
[2020.04.06-21.12.08:523][  0]LogSlate: Took 0.000190 seconds to synchronously load lazily loaded font '../../../Engine/Content/Slate/Fonts/Roboto-Regular.ttf' (155K)
[2020.04.06-21.12.08:528][  0]LogSlate: Took 0.000193 seconds to synchronously load lazily loaded font '../../../Engine/Content/Slate/Fonts/Roboto-Bold.ttf' (160K)
[2020.04.06-21.12.08:531][  0]LogSlate: Took 0.000177 seconds to synchronously load lazily loaded font '../../../Engine/Content/Editor/Slate/Fonts/FontAwesome.ttf' (139K)
[2020.04.06-21.12.08:594][  0]LogRenderer: Reallocating scene render targets to support 912x552 Format 10 NumSamples 1 (Frame:1).
[2020.04.06-21.12.08:687][  0]LogContentBrowser: Native class hierarchy updated for 'HierarchicalLODOutliner' in 0.0003 seconds. Added 0 classes and 0 folders.
[2020.04.06-21.12.08:687][  0]LogLoad: (Engine Initialization) Total time: 8.50 seconds
[2020.04.06-21.12.08:687][  0]LogLoad: (Engine Initialization) Total Blueprint compile time: 0.00 seconds
[2020.04.06-21.12.08:740][  0]LogAssetRegistry: Asset discovery search completed in 4.8353 seconds
[2020.04.06-21.12.08:744][  0]LogCollectionManager: Rebuilt the object cache for 0 collections in 0.000005 seconds (found 0 objects)
[2020.04.06-21.12.08:744][  0]LogCollectionManager: Fixed up redirectors for 0 collections in 0.000044 seconds (updated 0 objects)
[2020.04.06-21.12.08:745][  0]LogContentStreaming: Texture pool size now 1000 MB
[2020.04.06-21.12.08:773][  0]LogSlate: Took 0.000197 seconds to synchronously load lazily loaded font '../../../Engine/Content/Slate/Fonts/Roboto-Light.ttf' (167K)
[2020.04.06-21.12.09:715][106]LogSlate: Took 0.000217 seconds to synchronously load lazily loaded font '../../../Engine/Content/Slate/Fonts/Roboto-Light.ttf' (167K)
[2020.04.06-21.12.11:949][371]LogSlate: FSceneViewport::OnFocusLost() reason 0
[2020.04.06-21.12.12:062][382]LogAssetEditorManager: Opening Asset editor for Blueprint /Game/ThirdPersonBP/Blueprints/ThirdPersonCharacter.ThirdPersonCharacter
[2020.04.06-21.12.12:333][382]LogContentBrowser: Native class hierarchy updated for 'BlueprintGraph' in 0.0008 seconds. Added 121 classes and 0 folders.
[2020.04.06-21.12.13:305][382]LogAssetEditorManager: Opening Asset editor for Blueprint /Game/ThirdPersonBP/Blueprints/AI_ThirdPersonCharacter.AI_ThirdPersonCharacter
[2020.04.06-21.12.13:683][382]LogAssetEditorManager: Opening Asset editor for BehaviorTree /Game/ThirdPersonBP/Blueprints/BT_Assets/BT_EnemyAI.BT_EnemyAI
[2020.04.06-21.12.13:778][382]LogAssetEditorManager: Opening Asset editor for Blueprint /Game/ThirdPersonBP/Blueprints/AIC_ThirdPersonCharacter.AIC_ThirdPersonCharacter
[2020.04.06-21.12.14:167][382]LogAssetEditorManager: Opening Asset editor for Blueprint /Game/ThirdPersonBP/Blueprints/BT_Assets/SetCasheLocation.SetCasheLocation
[2020.04.06-21.12.14:527][382]LogAssetEditorManager: Opening Asset editor for Blueprint /Game/ThirdPersonBP/Blueprints/EQS/CasheSpawner.CasheSpawner
[2020.04.06-21.12.14:905][382]LogAssetEditorManager: Opening Asset editor for Blueprint /Game/ThirdPersonBP/Blueprints/EQS/FoodSource.FoodSource
[2020.04.06-21.12.15:290][382]LogAssetEditorManager: Opening Asset editor for Blueprint /Game/ThirdPersonBP/Blueprints/BT_Assets/Tasks/BTT_FindNavigableLocation.BTT_FindNavigableLocation
[2020.04.06-21.12.15:674][382]LogAssetEditorManager: Opening Asset editor for Blueprint /Game/ThirdPersonBP/Blueprints/BT_Assets/Tasks/setHome.setHome
[2020.04.06-21.12.16:044][382]LogSlate: Took 0.000233 seconds to synchronously load lazily loaded font '../../../Engine/Content/Slate/Fonts/Roboto-BoldCondensed.ttf' (158K)
[2020.04.06-21.12.16:081][383]LogSlate: Took 0.000236 seconds to synchronously load lazily loaded font '../../../Engine/Content/Slate/Fonts/Roboto-Italic.ttf' (157K)
[2020.04.06-21.13.02:487][333]LogSlate: FSceneViewport::OnFocusLost() reason 2
[2020.04.06-21.13.08:697][892]LogEditorSessionSummary: EditorSessionSummary sent report. Type=Shutdown, SessionId={A1EB0167-4F79-9D2C-50AC-12B10DF04724}
[2020.04.06-21.13.14:836][445]BlueprintLog: New page: Compile FoodSource
[2020.04.06-21.13.15:125][445]LogUObjectHash: Compacting FUObjectHashTables data took   4.17ms
[2020.04.06-21.13.18:493][727]LogTemp: Repeating last play command: Selected Viewport
[2020.04.06-21.13.18:525][727]LogBlueprintUserMessages: Early PlayInEditor Detection: Level '/Game/ThirdPersonBP/Maps/ThirdPersonExampleMap.ThirdPersonExampleMap:PersistentLevel' has LevelScriptBlueprint '/Game/ThirdPersonBP/Maps/ThirdPersonExampleMap.ThirdPersonExampleMap:PersistentLevel.ThirdPersonExampleMap' with GeneratedClass '/Game/ThirdPersonBP/Maps/ThirdPersonExampleMap.ThirdPersonExampleMap_C' with ClassGeneratedBy '/Game/ThirdPersonBP/Maps/ThirdPersonExampleMap.ThirdPersonExampleMap:PersistentLevel.ThirdPersonExampleMap'
[2020.04.06-21.13.18:529][727]LogPlayLevel: PlayLevel: No blueprints needed recompiling
[2020.04.06-21.13.18:529][727]PIE: New page: PIE session: ThirdPersonExampleMap (Apr 6, 2020, 1:13:18 PM)
[2020.04.06-21.13.18:530][727]LogOnline: OSS: Creating online subsystem instance for: NULL
[2020.04.06-21.13.18:531][727]LogPlayLevel: Creating play world package: /Game/ThirdPersonBP/Maps/UEDPIE_0_ThirdPersonExampleMap
[2020.04.06-21.13.18:545][727]LogPlayLevel: PIE: StaticDuplicateObject took: (0.013604s)
[2020.04.06-21.13.18:546][727]LogAIModule: Creating AISystem for world ThirdPersonExampleMap
[2020.04.06-21.13.18:547][727]LogPlayLevel: PIE: World Init took: (0.001361s)
[2020.04.06-21.13.18:547][727]LogPlayLevel: PIE: Created PIE world by copying editor world from /Game/ThirdPersonBP/Maps/ThirdPersonExampleMap.ThirdPersonExampleMap to /Game/ThirdPersonBP/Maps/UEDPIE_0_ThirdPersonExampleMap.ThirdPersonExampleMap (0.015315s)
[2020.04.06-21.13.18:605][727]LogUObjectHash: Compacting FUObjectHashTables data took   3.69ms
[2020.04.06-21.13.18:631][727]LogInit: XAudio2 using 'Headset Earphone (ASTRO Wireless Transmitter )' : 2 channels at 48 kHz using 16 bits per sample (channel mask 0x3)
[2020.04.06-21.13.18:646][727]LogInit: FAudioDevice initialized.
[2020.04.06-21.13.18:664][727]LogLoad: Game class is 'ThirdPersonGameMode_C'
[2020.04.06-21.13.18:667][727]LogWorld: Bringing World /Game/ThirdPersonBP/Maps/UEDPIE_0_ThirdPersonExampleMap.ThirdPersonExampleMap up for play (max tick rate 0) at 2020.04.06-17.13.18
[2020.04.06-21.13.18:671][727]LogWorld: Bringing up level for play took: 0.005921
[2020.04.06-21.13.18:672][727]LogOnline: OSS: Creating online subsystem instance for: :Context_10
[2020.04.06-21.13.18:684][727]LogContentBrowser: Native class hierarchy updated for 'MovieSceneCapture' in 0.0004 seconds. Added 20 classes and 0 folders.
[2020.04.06-21.13.18:685][727]PIE: Play in editor start time for /Game/ThirdPersonBP/Maps/UEDPIE_0_ThirdPersonExampleMap 1.063
[2020.04.06-21.13.18:686][727]LogBlueprintUserMessages: Late PlayInEditor Detection: Level '/Game/ThirdPersonBP/Maps/ThirdPersonExampleMap.ThirdPersonExampleMap:PersistentLevel' has LevelScriptBlueprint '/Game/ThirdPersonBP/Maps/ThirdPersonExampleMap.ThirdPersonExampleMap:PersistentLevel.ThirdPersonExampleMap' with GeneratedClass '/Game/ThirdPersonBP/Maps/ThirdPersonExampleMap.ThirdPersonExampleMap_C' with ClassGeneratedBy '/Game/ThirdPersonBP/Maps/ThirdPersonExampleMap.ThirdPersonExampleMap:PersistentLevel.ThirdPersonExampleMap'
[2020.04.06-21.13.21:700][958]LogBlueprintUserMessages: Early EndPlayMap Detection: Level '/Game/ThirdPersonBP/Maps/ThirdPersonExampleMap.ThirdPersonExampleMap:PersistentLevel' has LevelScriptBlueprint '/Game/ThirdPersonBP/Maps/ThirdPersonExampleMap.ThirdPersonExampleMap:PersistentLevel.ThirdPersonExampleMap' with GeneratedClass '/Game/ThirdPersonBP/Maps/ThirdPersonExampleMap.ThirdPersonExampleMap_C' with ClassGeneratedBy '/Game/ThirdPersonBP/Maps/ThirdPersonExampleMap.ThirdPersonExampleMap:PersistentLevel.ThirdPersonExampleMap'
[2020.04.06-21.13.21:702][958]LogSlate: Updating window title bar state: overlay mode, drag disabled, window buttons hidden, title bar hidden
[2020.04.06-21.13.21:702][958]LogWorld: BeginTearingDown for /Game/ThirdPersonBP/Maps/UEDPIE_0_ThirdPersonExampleMap
[2020.04.06-21.13.21:702][958]LogWorld: UWorld::CleanupWorld for ThirdPersonExampleMap, bSessionEnded=true, bCleanupResources=true
[2020.04.06-21.13.21:717][958]LogPlayLevel: Display: Shutting down PIE online subsystems
[2020.04.06-21.13.21:717][958]LogBlueprintUserMessages: Late EndPlayMap Detection: Level '/Game/ThirdPersonBP/Maps/ThirdPersonExampleMap.ThirdPersonExampleMap:PersistentLevel' has LevelScriptBlueprint '/Game/ThirdPersonBP/Maps/ThirdPersonExampleMap.ThirdPersonExampleMap:PersistentLevel.ThirdPersonExampleMap' with GeneratedClass '/Game/ThirdPersonBP/Maps/ThirdPersonExampleMap.ThirdPersonExampleMap_C' with ClassGeneratedBy '/Game/ThirdPersonBP/Maps/ThirdPersonExampleMap.ThirdPersonExampleMap:PersistentLevel.ThirdPersonExampleMap'
[2020.04.06-21.13.21:780][958]LogSlate: Updating window title bar state: overlay mode, drag disabled, window buttons hidden, title bar hidden
[2020.04.06-21.13.21:806][958]LogUObjectHash: Compacting FUObjectHashTables data took   4.68ms
[2020.04.06-21.13.21:832][959]LogPlayLevel: Display: Destroying online subsystem :Context_10
[2020.04.06-21.13.22:431][  8]LogSlate: FSceneViewport::OnFocusLost() reason 0
[2020.04.06-21.13.30:173][600]BlueprintLog: New page: Compile FoodSource
[2020.04.06-21.13.30:511][600]LogUObjectHash: Compacting FUObjectHashTables data took   4.59ms
[2020.04.06-21.13.30:537][600]BlueprintLog: New page: Compile FoodSource
[2020.04.06-21.13.30:857][600]LogUObjectHash: Compacting FUObjectHashTables data took   4.71ms
[2020.04.06-21.13.32:369][713]LogTemp: Repeating last play command: Selected Viewport
[2020.04.06-21.13.32:404][713]LogBlueprintUserMessages: Early PlayInEditor Detection: Level '/Game/ThirdPersonBP/Maps/ThirdPersonExampleMap.ThirdPersonExampleMap:PersistentLevel' has LevelScriptBlueprint '/Game/ThirdPersonBP/Maps/ThirdPersonExampleMap.ThirdPersonExampleMap:PersistentLevel.ThirdPersonExampleMap' with GeneratedClass '/Game/ThirdPersonBP/Maps/ThirdPersonExampleMap.ThirdPersonExampleMap_C' with ClassGeneratedBy '/Game/ThirdPersonBP/Maps/ThirdPersonExampleMap.ThirdPersonExampleMap:PersistentLevel.ThirdPersonExampleMap'
[2020.04.06-21.13.32:407][713]LogPlayLevel: PlayLevel: No blueprints needed recompiling
[2020.04.06-21.13.32:407][713]PIE: New page: PIE session: ThirdPersonExampleMap (Apr 6, 2020, 1:13:32 PM)
[2020.04.06-21.13.32:407][713]LogPlayLevel: Creating play world package: /Game/ThirdPersonBP/Maps/UEDPIE_0_ThirdPersonExampleMap
[2020.04.06-21.13.32:416][713]LogPlayLevel: PIE: StaticDuplicateObject took: (0.009634s)
[2020.04.06-21.13.32:418][713]LogAIModule: Creating AISystem for world ThirdPersonExampleMap
[2020.04.06-21.13.32:418][713]LogPlayLevel: PIE: World Init took: (0.001389s)
[2020.04.06-21.13.32:418][713]LogPlayLevel: PIE: Created PIE world by copying editor world from /Game/ThirdPersonBP/Maps/ThirdPersonExampleMap.ThirdPersonExampleMap to /Game/ThirdPersonBP/Maps/UEDPIE_0_ThirdPersonExampleMap.ThirdPersonExampleMap (0.011257s)
[2020.04.06-21.13.32:482][713]LogUObjectHash: Compacting FUObjectHashTables data took   4.26ms
[2020.04.06-21.13.32:507][713]LogInit: XAudio2 using 'Headset Earphone (ASTRO Wireless Transmitter )' : 2 channels at 48 kHz using 16 bits per sample (channel mask 0x3)
[2020.04.06-21.13.32:520][713]LogInit: FAudioDevice initialized.
[2020.04.06-21.13.32:529][713]LogLoad: Game class is 'ThirdPersonGameMode_C'
[2020.04.06-21.13.32:531][713]LogWorld: Bringing World /Game/ThirdPersonBP/Maps/UEDPIE_0_ThirdPersonExampleMap.ThirdPersonExampleMap up for play (max tick rate 0) at 2020.04.06-17.13.32
[2020.04.06-21.13.32:535][713]LogWorld: Bringing up level for play took: 0.005431
[2020.04.06-21.13.32:535][713]LogOnline: OSS: Creating online subsystem instance for: :Context_11
[2020.04.06-21.13.32:538][713]PIE: Play in editor start time for /Game/ThirdPersonBP/Maps/UEDPIE_0_ThirdPersonExampleMap 0.916
[2020.04.06-21.13.32:538][713]LogBlueprintUserMessages: Late PlayInEditor Detection: Level '/Game/ThirdPersonBP/Maps/ThirdPersonExampleMap.ThirdPersonExampleMap:PersistentLevel' has LevelScriptBlueprint '/Game/ThirdPersonBP/Maps/ThirdPersonExampleMap.ThirdPersonExampleMap:PersistentLevel.ThirdPersonExampleMap' with GeneratedClass '/Game/ThirdPersonBP/Maps/ThirdPersonExampleMap.ThirdPersonExampleMap_C' with ClassGeneratedBy '/Game/ThirdPersonBP/Maps/ThirdPersonExampleMap.ThirdPersonExampleMap:PersistentLevel.ThirdPersonExampleMap'
[2020.04.06-21.13.38:251][190]LogBlueprintUserMessages: Early EndPlayMap Detection: Level '/Game/ThirdPersonBP/Maps/ThirdPersonExampleMap.ThirdPersonExampleMap:PersistentLevel' has LevelScriptBlueprint '/Game/ThirdPersonBP/Maps/ThirdPersonExampleMap.ThirdPersonExampleMap:PersistentLevel.ThirdPersonExampleMap' with GeneratedClass '/Game/ThirdPersonBP/Maps/ThirdPersonExampleMap.ThirdPersonExampleMap_C' with ClassGeneratedBy '/Game/ThirdPersonBP/Maps/ThirdPersonExampleMap.ThirdPersonExampleMap:PersistentLevel.ThirdPersonExampleMap'
[2020.04.06-21.13.38:255][190]LogSlate: Updating window title bar state: overlay mode, drag disabled, window buttons hidden, title bar hidden
[2020.04.06-21.13.38:255][190]LogWorld: BeginTearingDown for /Game/ThirdPersonBP/Maps/UEDPIE_0_ThirdPersonExampleMap
[2020.04.06-21.13.38:255][190]LogWorld: UWorld::CleanupWorld for ThirdPersonExampleMap, bSessionEnded=true, bCleanupResources=true
[2020.04.06-21.13.38:268][190]LogPlayLevel: Display: Shutting down PIE online subsystems
[2020.04.06-21.13.38:268][190]LogBlueprintUserMessages: Late EndPlayMap Detection: Level '/Game/ThirdPersonBP/Maps/ThirdPersonExampleMap.ThirdPersonExampleMap:PersistentLevel' has LevelScriptBlueprint '/Game/ThirdPersonBP/Maps/ThirdPersonExampleMap.ThirdPersonExampleMap:PersistentLevel.ThirdPersonExampleMap' with GeneratedClass '/Game/ThirdPersonBP/Maps/ThirdPersonExampleMap.ThirdPersonExampleMap_C' with ClassGeneratedBy '/Game/ThirdPersonBP/Maps/ThirdPersonExampleMap.ThirdPersonExampleMap:PersistentLevel.ThirdPersonExampleMap'
[2020.04.06-21.13.38:329][190]LogSlate: Updating window title bar state: overlay mode, drag disabled, window buttons hidden, title bar hidden
[2020.04.06-21.13.38:333][190]LogUObjectHash: Compacting FUObjectHashTables data took   3.62ms
[2020.04.06-21.13.38:360][191]LogPlayLevel: Display: Destroying online subsystem :Context_11
[2020.04.06-21.13.39:506][285]LogSlate: FSceneViewport::OnFocusLost() reason 0
[2020.04.06-21.13.44:652][723]LogSlate: Prevented a slow task dialog from being summoned while a context menu was open
[2020.04.06-21.13.52:147][366]BlueprintLog: New page: Compile FoodSource
[2020.04.06-21.13.52:479][366]LogUObjectHash: Compacting FUObjectHashTables data took   4.17ms
